# JRE version: Java(TM) SE Runtime Environment (19.0.1+10) (build 19.0.1+10-21)
# Java VM: Java HotSpot(TM) 64-Bit Server VM (19.0.1+10-21, mixed mode, sharing, tiered, compressed oops, compressed class ptrs, g1 gc, windows-amd64)
GC Precious Log:
 CardTable entry size: 512
 Card Set container configuration: InlinePtr #cards 5 size 8 Array Of Cards #cards 12 size 40 Howl #buckets 4 coarsen threshold 1843 Howl Bitmap #cards 512 size 80 coarsen threshold 460 Card regions per heap region 1 cards per card region 2048
 CPUs: 4 total, 4 available
 Memory: 8113M
 Large Page Support: Disabled
 NUMA Support: Disabled
 Compressed Oops: Enabled (32-bit)
 Heap Region Size: 1M
 Heap Min Capacity: 8M
 Heap Initial Capacity: 128M
 Heap Max Capacity: 2030M
 Pre-touch: Disabled
 Parallel Workers: 4
 Concurrent Workers: 1
 Concurrent Refinement Workers: 4
 Periodic GC: Disabled
Heap:
 garbage-first heap   total 218112K, used 122373K [0x0000000081200000, 0x0000000100000000)
  region size 1024K, 90 young (92160K), 1 survivors (1024K)
 Metaspace       used 42035K, committed 42368K, reserved 1114112K
  class space    used 4599K, committed 4736K, reserved 1048576K
GC Heap History (20 events):
Event: 397.602 GC heap before
{Heap before GC invocations=1790 (full 0):
 garbage-first heap   total 218112K, used 151047K [0x0000000081200000, 0x0000000100000000)
  region size 1024K, 127 young (130048K), 1 survivors (1024K)
 Metaspace       used 41984K, committed 42304K, reserved 1114112K
  class space    used 4597K, committed 4736K, reserved 1048576K
}
Event: 397.602 GC heap after
{Heap after GC invocations=1791 (full 0):
 garbage-first heap   total 218112K, used 22021K [0x0000000081200000, 0x0000000100000000)
  region size 1024K, 1 young (1024K), 1 survivors (1024K)
 Metaspace       used 41984K, committed 42304K, reserved 1114112K
  class space    used 4597K, committed 4736K, reserved 1048576K
}
Event: 397.808 GC heap before
{Heap before GC invocations=1791 (full 0):
 garbage-first heap   total 218112K, used 151045K [0x0000000081200000, 0x0000000100000000)
  region size 1024K, 127 young (130048K), 1 survivors (1024K)
 Metaspace       used 41984K, committed 42304K, reserved 1114112K
  class space    used 4597K, committed 4736K, reserved 1048576K
}
Event: 397.808 GC heap after
{Heap after GC invocations=1792 (full 0):
 garbage-first heap   total 218112K, used 22021K [0x0000000081200000, 0x0000000100000000)
  region size 1024K, 1 young (1024K), 1 survivors (1024K)
 Metaspace       used 41984K, committed 42304K, reserved 1114112K
  class space    used 4597K, committed 4736K, reserved 1048576K
}
Event: 397.990 GC heap before
{Heap before GC invocations=1792 (full 0):
 garbage-first heap   total 218112K, used 151045K [0x0000000081200000, 0x0000000100000000)
  region size 1024K, 127 young (130048K), 1 survivors (1024K)
 Metaspace       used 41984K, committed 42304K, reserved 1114112K
  class space    used 4597K, committed 4736K, reserved 1048576K
}
Event: 397.991 GC heap after
{Heap after GC invocations=1793 (full 0):
 garbage-first heap   total 218112K, used 22021K [0x0000000081200000, 0x0000000100000000)
  region size 1024K, 1 young (1024K), 1 survivors (1024K)
 Metaspace       used 41984K, committed 42304K, reserved 1114112K
  class space    used 4597K, committed 4736K, reserved 1048576K
}
Event: 398.177 GC heap before
{Heap before GC invocations=1793 (full 0):
 garbage-first heap   total 218112K, used 151045K [0x0000000081200000, 0x0000000100000000)
  region size 1024K, 127 young (130048K), 1 survivors (1024K)
 Metaspace       used 41984K, committed 42304K, reserved 1114112K
  class space    used 4597K, committed 4736K, reserved 1048576K
}
Event: 398.178 GC heap after
{Heap after GC invocations=1794 (full 0):
 garbage-first heap   total 218112K, used 22023K [0x0000000081200000, 0x0000000100000000)
  region size 1024K, 1 young (1024K), 1 survivors (1024K)
 Metaspace       used 41984K, committed 42304K, reserved 1114112K
  class space    used 4597K, committed 4736K, reserved 1048576K
}
Event: 398.373 GC heap before
{Heap before GC invocations=1794 (full 0):
 garbage-first heap   total 218112K, used 151047K [0x0000000081200000, 0x0000000100000000)
  region size 1024K, 127 young (130048K), 1 survivors (1024K)
 Metaspace       used 41984K, committed 42304K, reserved 1114112K
  class space    used 4597K, committed 4736K, reserved 1048576K
}
Event: 398.373 GC heap after
{Heap after GC invocations=1795 (full 0):
 garbage-first heap   total 218112K, used 22023K [0x0000000081200000, 0x0000000100000000)
  region size 1024K, 1 young (1024K), 1 survivors (1024K)
 Metaspace       used 41984K, committed 42304K, reserved 1114112K
  class space    used 4597K, committed 4736K, reserved 1048576K
}
Event: 398.548 GC heap before
{Heap before GC invocations=1795 (full 0):
 garbage-first heap   total 218112K, used 151047K [0x0000000081200000, 0x0000000100000000)
  region size 1024K, 127 young (130048K), 1 survivors (1024K)
 Metaspace       used 41984K, committed 42304K, reserved 1114112K
  class space    used 4597K, committed 4736K, reserved 1048576K
}
Event: 398.549 GC heap after
{Heap after GC invocations=1796 (full 0):
 garbage-first heap   total 218112K, used 22021K [0x0000000081200000, 0x0000000100000000)
  region size 1024K, 1 young (1024K), 1 survivors (1024K)
 Metaspace       used 41984K, committed 42304K, reserved 1114112K
  class space    used 4597K, committed 4736K, reserved 1048576K
}
Event: 398.727 GC heap before
{Heap before GC invocations=1796 (full 0):
 garbage-first heap   total 218112K, used 151045K [0x0000000081200000, 0x0000000100000000)
  region size 1024K, 127 young (130048K), 1 survivors (1024K)
 Metaspace       used 41984K, committed 42304K, reserved 1114112K
  class space    used 4597K, committed 4736K, reserved 1048576K
}
Event: 398.728 GC heap after
{Heap after GC invocations=1797 (full 0):
 garbage-first heap   total 218112K, used 22021K [0x0000000081200000, 0x0000000100000000)
  region size 1024K, 1 young (1024K), 1 survivors (1024K)
 Metaspace       used 41984K, committed 42304K, reserved 1114112K
  class space    used 4597K, committed 4736K, reserved 1048576K
}
Event: 398.910 GC heap before
{Heap before GC invocations=1797 (full 0):
 garbage-first heap   total 218112K, used 151045K [0x0000000081200000, 0x0000000100000000)
  region size 1024K, 127 young (130048K), 1 survivors (1024K)
 Metaspace       used 41984K, committed 42304K, reserved 1114112K
  class space    used 4597K, committed 4736K, reserved 1048576K
}
Event: 398.911 GC heap after
{Heap after GC invocations=1798 (full 0):
 garbage-first heap   total 218112K, used 22023K [0x0000000081200000, 0x0000000100000000)
  region size 1024K, 1 young (1024K), 1 survivors (1024K)
 Metaspace       used 41984K, committed 42304K, reserved 1114112K
  class space    used 4597K, committed 4736K, reserved 1048576K
}
Event: 399.090 GC heap before
{Heap before GC invocations=1798 (full 0):
 garbage-first heap   total 218112K, used 151047K [0x0000000081200000, 0x0000000100000000)
  region size 1024K, 127 young (130048K), 1 survivors (1024K)
 Metaspace       used 41984K, committed 42304K, reserved 1114112K
  class space    used 4597K, committed 4736K, reserved 1048576K
}
Event: 399.091 GC heap after
{Heap after GC invocations=1799 (full 0):
 garbage-first heap   total 218112K, used 22021K [0x0000000081200000, 0x0000000100000000)
  region size 1024K, 1 young (1024K), 1 survivors (1024K)
 Metaspace       used 41984K, committed 42304K, reserved 1114112K
  class space    used 4597K, committed 4736K, reserved 1048576K
}
Event: 399.292 GC heap before
{Heap before GC invocations=1799 (full 0):
 garbage-first heap   total 218112K, used 151045K [0x0000000081200000, 0x0000000100000000)
  region size 1024K, 127 young (130048K), 1 survivors (1024K)
 Metaspace       used 41984K, committed 42304K, reserved 1114112K
  class space    used 4597K, committed 4736K, reserved 1048576K
}
Event: 399.293 GC heap after
{Heap after GC invocations=1800 (full 0):
 garbage-first heap   total 218112K, used 22021K [0x0000000081200000, 0x0000000100000000)
  region size 1024K, 1 young (1024K), 1 survivors (1024K)
 Metaspace       used 41984K, committed 42304K, reserved 1114112K
  class space    used 4597K, committed 4736K, reserved 1048576K
}

