# JRE version: Java(TM) SE Runtime Environment (19.0.1+10) (build 19.0.1+10-21)
# Java VM: Java HotSpot(TM) 64-Bit Server VM (19.0.1+10-21, mixed mode, sharing, tiered, compressed oops, compressed class ptrs, g1 gc, windows-amd64)
GC Precious Log:
 CardTable entry size: 512
 Card Set container configuration: InlinePtr #cards 5 size 8 Array Of Cards #cards 12 size 40 Howl #buckets 4 coarsen threshold 1843 Howl Bitmap #cards 512 size 80 coarsen threshold 460 Card regions per heap region 1 cards per card region 2048
 CPUs: 4 total, 4 available
 Memory: 8113M
 Large Page Support: Disabled
 NUMA Support: Disabled
 Compressed Oops: Enabled (32-bit)
 Heap Region Size: 1M
 Heap Min Capacity: 8M
 Heap Initial Capacity: 128M
 Heap Max Capacity: 2030M
 Pre-touch: Disabled
 Parallel Workers: 4
 Concurrent Workers: 1
 Concurrent Refinement Workers: 4
 Periodic GC: Disabled
Heap:
 garbage-first heap   total 249856K, used 85616K [0x0000000081200000, 0x0000000100000000)
  region size 1024K, 59 young (60416K), 1 survivors (1024K)
 Metaspace       used 40027K, committed 40384K, reserved 1114112K
  class space    used 4344K, committed 4544K, reserved 1048576K
GC Heap History (20 events):
Event: 513.440 GC heap before
{Heap before GC invocations=271 (full 0):
 garbage-first heap   total 249856K, used 169541K [0x0000000081200000, 0x0000000100000000)
  region size 1024K, 146 young (149504K), 1 survivors (1024K)
 Metaspace       used 40021K, committed 40384K, reserved 1114112K
  class space    used 4344K, committed 4544K, reserved 1048576K
}
Event: 513.440 GC heap after
{Heap after GC invocations=272 (full 0):
 garbage-first heap   total 249856K, used 21061K [0x0000000081200000, 0x0000000100000000)
  region size 1024K, 1 young (1024K), 1 survivors (1024K)
 Metaspace       used 40021K, committed 40384K, reserved 1114112K
  class space    used 4344K, committed 4544K, reserved 1048576K
}
Event: 513.682 GC heap before
{Heap before GC invocations=272 (full 0):
 garbage-first heap   total 249856K, used 169541K [0x0000000081200000, 0x0000000100000000)
  region size 1024K, 146 young (149504K), 1 survivors (1024K)
 Metaspace       used 40021K, committed 40384K, reserved 1114112K
  class space    used 4344K, committed 4544K, reserved 1048576K
}
Event: 513.683 GC heap after
{Heap after GC invocations=273 (full 0):
 garbage-first heap   total 249856K, used 21061K [0x0000000081200000, 0x0000000100000000)
  region size 1024K, 1 young (1024K), 1 survivors (1024K)
 Metaspace       used 40021K, committed 40384K, reserved 1114112K
  class space    used 4344K, committed 4544K, reserved 1048576K
}
Event: 513.916 GC heap before
{Heap before GC invocations=273 (full 0):
 garbage-first heap   total 249856K, used 169541K [0x0000000081200000, 0x0000000100000000)
  region size 1024K, 146 young (149504K), 1 survivors (1024K)
 Metaspace       used 40021K, committed 40384K, reserved 1114112K
  class space    used 4344K, committed 4544K, reserved 1048576K
}
Event: 513.917 GC heap after
{Heap after GC invocations=274 (full 0):
 garbage-first heap   total 249856K, used 21061K [0x0000000081200000, 0x0000000100000000)
  region size 1024K, 1 young (1024K), 1 survivors (1024K)
 Metaspace       used 40021K, committed 40384K, reserved 1114112K
  class space    used 4344K, committed 4544K, reserved 1048576K
}
Event: 514.502 GC heap before
{Heap before GC invocations=274 (full 0):
 garbage-first heap   total 249856K, used 169541K [0x0000000081200000, 0x0000000100000000)
  region size 1024K, 146 young (149504K), 1 survivors (1024K)
 Metaspace       used 40021K, committed 40384K, reserved 1114112K
  class space    used 4344K, committed 4544K, reserved 1048576K
}
Event: 514.503 GC heap after
{Heap after GC invocations=275 (full 0):
 garbage-first heap   total 249856K, used 21057K [0x0000000081200000, 0x0000000100000000)
  region size 1024K, 1 young (1024K), 1 survivors (1024K)
 Metaspace       used 40021K, committed 40384K, reserved 1114112K
  class space    used 4344K, committed 4544K, reserved 1048576K
}
Event: 514.834 GC heap before
{Heap before GC invocations=275 (full 0):
 garbage-first heap   total 249856K, used 169537K [0x0000000081200000, 0x0000000100000000)
  region size 1024K, 146 young (149504K), 1 survivors (1024K)
 Metaspace       used 40021K, committed 40384K, reserved 1114112K
  class space    used 4344K, committed 4544K, reserved 1048576K
}
Event: 514.835 GC heap after
{Heap after GC invocations=276 (full 0):
 garbage-first heap   total 249856K, used 21061K [0x0000000081200000, 0x0000000100000000)
  region size 1024K, 1 young (1024K), 1 survivors (1024K)
 Metaspace       used 40021K, committed 40384K, reserved 1114112K
  class space    used 4344K, committed 4544K, reserved 1048576K
}
Event: 515.136 GC heap before
{Heap before GC invocations=276 (full 0):
 garbage-first heap   total 249856K, used 169541K [0x0000000081200000, 0x0000000100000000)
  region size 1024K, 146 young (149504K), 1 survivors (1024K)
 Metaspace       used 40021K, committed 40384K, reserved 1114112K
  class space    used 4344K, committed 4544K, reserved 1048576K
}
Event: 515.136 GC heap after
{Heap after GC invocations=277 (full 0):
 garbage-first heap   total 249856K, used 21061K [0x0000000081200000, 0x0000000100000000)
  region size 1024K, 1 young (1024K), 1 survivors (1024K)
 Metaspace       used 40021K, committed 40384K, reserved 1114112K
  class space    used 4344K, committed 4544K, reserved 1048576K
}
Event: 515.397 GC heap before
{Heap before GC invocations=277 (full 0):
 garbage-first heap   total 249856K, used 169541K [0x0000000081200000, 0x0000000100000000)
  region size 1024K, 146 young (149504K), 1 survivors (1024K)
 Metaspace       used 40021K, committed 40384K, reserved 1114112K
  class space    used 4344K, committed 4544K, reserved 1048576K
}
Event: 515.398 GC heap after
{Heap after GC invocations=278 (full 0):
 garbage-first heap   total 249856K, used 21059K [0x0000000081200000, 0x0000000100000000)
  region size 1024K, 1 young (1024K), 1 survivors (1024K)
 Metaspace       used 40021K, committed 40384K, reserved 1114112K
  class space    used 4344K, committed 4544K, reserved 1048576K
}
Event: 515.666 GC heap before
{Heap before GC invocations=278 (full 0):
 garbage-first heap   total 249856K, used 169539K [0x0000000081200000, 0x0000000100000000)
  region size 1024K, 146 young (149504K), 1 survivors (1024K)
 Metaspace       used 40021K, committed 40384K, reserved 1114112K
  class space    used 4344K, committed 4544K, reserved 1048576K
}
Event: 515.667 GC heap after
{Heap after GC invocations=279 (full 0):
 garbage-first heap   total 249856K, used 21061K [0x0000000081200000, 0x0000000100000000)
  region size 1024K, 1 young (1024K), 1 survivors (1024K)
 Metaspace       used 40021K, committed 40384K, reserved 1114112K
  class space    used 4344K, committed 4544K, reserved 1048576K
}
Event: 515.963 GC heap before
{Heap before GC invocations=279 (full 0):
 garbage-first heap   total 249856K, used 169541K [0x0000000081200000, 0x0000000100000000)
  region size 1024K, 146 young (149504K), 1 survivors (1024K)
 Metaspace       used 40021K, committed 40384K, reserved 1114112K
  class space    used 4344K, committed 4544K, reserved 1048576K
}
Event: 515.964 GC heap after
{Heap after GC invocations=280 (full 0):
 garbage-first heap   total 249856K, used 21061K [0x0000000081200000, 0x0000000100000000)
  region size 1024K, 1 young (1024K), 1 survivors (1024K)
 Metaspace       used 40021K, committed 40384K, reserved 1114112K
  class space    used 4344K, committed 4544K, reserved 1048576K
}
Event: 516.286 GC heap before
{Heap before GC invocations=280 (full 0):
 garbage-first heap   total 249856K, used 179781K [0x0000000081200000, 0x0000000100000000)
  region size 1024K, 146 young (149504K), 1 survivors (1024K)
 Metaspace       used 40024K, committed 40384K, reserved 1114112K
  class space    used 4344K, committed 4544K, reserved 1048576K
}
Event: 516.288 GC heap after
{Heap after GC invocations=281 (full 0):
 garbage-first heap   total 249856K, used 31317K [0x0000000081200000, 0x0000000100000000)
  region size 1024K, 1 young (1024K), 1 survivors (1024K)
 Metaspace       used 40024K, committed 40384K, reserved 1114112K
  class space    used 4344K, committed 4544K, reserved 1048576K
}

