# JRE version: Java(TM) SE Runtime Environment (19.0.1+10) (build 19.0.1+10-21)
# Java VM: Java HotSpot(TM) 64-Bit Server VM (19.0.1+10-21, mixed mode, sharing, tiered, compressed oops, compressed class ptrs, g1 gc, windows-amd64)
GC Precious Log:
 CardTable entry size: 512
 Card Set container configuration: InlinePtr #cards 5 size 8 Array Of Cards #cards 12 size 40 Howl #buckets 4 coarsen threshold 1843 Howl Bitmap #cards 512 size 80 coarsen threshold 460 Card regions per heap region 1 cards per card region 2048
 CPUs: 4 total, 4 available
 Memory: 8113M
 Large Page Support: Disabled
 NUMA Support: Disabled
 Compressed Oops: Enabled (32-bit)
 Heap Region Size: 1M
 Heap Min Capacity: 8M
 Heap Initial Capacity: 128M
 Heap Max Capacity: 2030M
 Pre-touch: Disabled
 Parallel Workers: 4
 Concurrent Workers: 1
 Concurrent Refinement Workers: 4
 Periodic GC: Disabled
Heap:
 garbage-first heap   total 92160K, used 47217K [0x0000000081200000, 0x0000000100000000)
  region size 1024K, 15 young (15360K), 1 survivors (1024K)
 Metaspace       used 40305K, committed 40640K, reserved 1114112K
  class space    used 4533K, committed 4736K, reserved 1048576K
GC Heap History (20 events):
Event: 46.162 GC heap before
{Heap before GC invocations=10 (full 0):
 garbage-first heap   total 40960K, used 22438K [0x0000000081200000, 0x0000000100000000)
  region size 1024K, 4 young (4096K), 2 survivors (2048K)
 Metaspace       used 39357K, committed 39680K, reserved 1114112K
  class space    used 4450K, committed 4608K, reserved 1048576K
}
Event: 46.168 GC heap after
{Heap after GC invocations=11 (full 0):
 garbage-first heap   total 40960K, used 21284K [0x0000000081200000, 0x0000000100000000)
  region size 1024K, 2 young (2048K), 2 survivors (2048K)
 Metaspace       used 39357K, committed 39680K, reserved 1114112K
  class space    used 4450K, committed 4608K, reserved 1048576K
}
Event: 46.334 GC heap before
{Heap before GC invocations=12 (full 0):
 garbage-first heap   total 48128K, used 43812K [0x0000000081200000, 0x0000000100000000)
  region size 1024K, 11 young (11264K), 2 survivors (2048K)
 Metaspace       used 39362K, committed 39680K, reserved 1114112K
  class space    used 4450K, committed 4608K, reserved 1048576K
}
Event: 46.336 GC heap after
{Heap after GC invocations=13 (full 0):
 garbage-first heap   total 48128K, used 35603K [0x0000000081200000, 0x0000000100000000)
  region size 1024K, 1 young (1024K), 1 survivors (1024K)
 Metaspace       used 39362K, committed 39680K, reserved 1114112K
  class space    used 4450K, committed 4608K, reserved 1048576K
}
Event: 46.408 GC heap before
{Heap before GC invocations=13 (full 0):
 garbage-first heap   total 48128K, used 38675K [0x0000000081200000, 0x0000000100000000)
  region size 1024K, 2 young (2048K), 1 survivors (1024K)
 Metaspace       used 39362K, committed 39680K, reserved 1114112K
  class space    used 4450K, committed 4608K, reserved 1048576K
}
Event: 46.416 GC heap after
{Heap after GC invocations=14 (full 0):
 garbage-first heap   total 92160K, used 25152K [0x0000000081200000, 0x0000000100000000)
  region size 1024K, 1 young (1024K), 1 survivors (1024K)
 Metaspace       used 39362K, committed 39680K, reserved 1114112K
  class space    used 4450K, committed 4608K, reserved 1048576K
}
Event: 46.677 GC heap before
{Heap before GC invocations=14 (full 0):
 garbage-first heap   total 92160K, used 52800K [0x0000000081200000, 0x0000000100000000)
  region size 1024K, 13 young (13312K), 1 survivors (1024K)
 Metaspace       used 39381K, committed 39744K, reserved 1114112K
  class space    used 4450K, committed 4608K, reserved 1048576K
}
Event: 46.678 GC heap after
{Heap after GC invocations=15 (full 0):
 garbage-first heap   total 92160K, used 39467K [0x0000000081200000, 0x0000000100000000)
  region size 1024K, 1 young (1024K), 1 survivors (1024K)
 Metaspace       used 39381K, committed 39744K, reserved 1114112K
  class space    used 4450K, committed 4608K, reserved 1048576K
}
Event: 46.691 GC heap before
{Heap before GC invocations=15 (full 0):
 garbage-first heap   total 92160K, used 42539K [0x0000000081200000, 0x0000000100000000)
  region size 1024K, 3 young (3072K), 1 survivors (1024K)
 Metaspace       used 39381K, committed 39744K, reserved 1114112K
  class space    used 4450K, committed 4608K, reserved 1048576K
}
Event: 46.692 GC heap after
{Heap after GC invocations=16 (full 0):
 garbage-first heap   total 92160K, used 23079K [0x0000000081200000, 0x0000000100000000)
  region size 1024K, 1 young (1024K), 1 survivors (1024K)
 Metaspace       used 39381K, committed 39744K, reserved 1114112K
  class space    used 4450K, committed 4608K, reserved 1048576K
}
Event: 47.125 GC heap before
{Heap before GC invocations=16 (full 0):
 garbage-first heap   total 92160K, used 54823K [0x0000000081200000, 0x0000000100000000)
  region size 1024K, 15 young (15360K), 1 survivors (1024K)
 Metaspace       used 39645K, committed 39936K, reserved 1114112K
  class space    used 4461K, committed 4608K, reserved 1048576K
}
Event: 47.129 GC heap after
{Heap after GC invocations=17 (full 0):
 garbage-first heap   total 92160K, used 33555K [0x0000000081200000, 0x0000000100000000)
  region size 1024K, 1 young (1024K), 1 survivors (1024K)
 Metaspace       used 39645K, committed 39936K, reserved 1114112K
  class space    used 4461K, committed 4608K, reserved 1048576K
}
Event: 47.233 GC heap before
{Heap before GC invocations=17 (full 0):
 garbage-first heap   total 92160K, used 47891K [0x0000000081200000, 0x0000000100000000)
  region size 1024K, 8 young (8192K), 1 survivors (1024K)
 Metaspace       used 39645K, committed 39936K, reserved 1114112K
  class space    used 4461K, committed 4608K, reserved 1048576K
}
Event: 47.235 GC heap after
{Heap after GC invocations=18 (full 0):
 garbage-first heap   total 92160K, used 21263K [0x0000000081200000, 0x0000000100000000)
  region size 1024K, 1 young (1024K), 1 survivors (1024K)
 Metaspace       used 39645K, committed 39936K, reserved 1114112K
  class space    used 4461K, committed 4608K, reserved 1048576K
}
Event: 47.596 GC heap before
{Heap before GC invocations=18 (full 0):
 garbage-first heap   total 92160K, used 54031K [0x0000000081200000, 0x0000000100000000)
  region size 1024K, 15 young (15360K), 1 survivors (1024K)
 Metaspace       used 39648K, committed 39936K, reserved 1114112K
  class space    used 4461K, committed 4608K, reserved 1048576K
}
Event: 47.598 GC heap after
{Heap after GC invocations=19 (full 0):
 garbage-first heap   total 92160K, used 21262K [0x0000000081200000, 0x0000000100000000)
  region size 1024K, 1 young (1024K), 1 survivors (1024K)
 Metaspace       used 39648K, committed 39936K, reserved 1114112K
  class space    used 4461K, committed 4608K, reserved 1048576K
}
Event: 47.945 GC heap before
{Heap before GC invocations=19 (full 0):
 garbage-first heap   total 92160K, used 55054K [0x0000000081200000, 0x0000000100000000)
  region size 1024K, 15 young (15360K), 1 survivors (1024K)
 Metaspace       used 39650K, committed 39936K, reserved 1114112K
  class space    used 4461K, committed 4608K, reserved 1048576K
}
Event: 47.948 GC heap after
{Heap after GC invocations=20 (full 0):
 garbage-first heap   total 92160K, used 21587K [0x0000000081200000, 0x0000000100000000)
  region size 1024K, 1 young (1024K), 1 survivors (1024K)
 Metaspace       used 39650K, committed 39936K, reserved 1114112K
  class space    used 4461K, committed 4608K, reserved 1048576K
}
Event: 48.246 GC heap before
{Heap before GC invocations=20 (full 0):
 garbage-first heap   total 92160K, used 56403K [0x0000000081200000, 0x0000000100000000)
  region size 1024K, 16 young (16384K), 1 survivors (1024K)
 Metaspace       used 39656K, committed 39936K, reserved 1114112K
  class space    used 4461K, committed 4608K, reserved 1048576K
}
Event: 48.251 GC heap after
{Heap after GC invocations=21 (full 0):
 garbage-first heap   total 92160K, used 21617K [0x0000000081200000, 0x0000000100000000)
  region size 1024K, 1 young (1024K), 1 survivors (1024K)
 Metaspace       used 39656K, committed 39936K, reserved 1114112K
  class space    used 4461K, committed 4608K, reserved 1048576K
}

