# JRE version: Java(TM) SE Runtime Environment (19.0.1+10) (build 19.0.1+10-21)
# Java VM: Java HotSpot(TM) 64-Bit Server VM (19.0.1+10-21, mixed mode, sharing, tiered, compressed oops, compressed class ptrs, g1 gc, windows-amd64)
GC Precious Log:
 CardTable entry size: 512
 Card Set container configuration: InlinePtr #cards 5 size 8 Array Of Cards #cards 12 size 40 Howl #buckets 4 coarsen threshold 1843 Howl Bitmap #cards 512 size 80 coarsen threshold 460 Card regions per heap region 1 cards per card region 2048
 CPUs: 4 total, 4 available
 Memory: 8113M
 Large Page Support: Disabled
 NUMA Support: Disabled
 Compressed Oops: Enabled (32-bit)
 Heap Region Size: 1M
 Heap Min Capacity: 8M
 Heap Initial Capacity: 128M
 Heap Max Capacity: 2030M
 Pre-touch: Disabled
 Parallel Workers: 4
 Concurrent Workers: 1
 Concurrent Refinement Workers: 4
 Periodic GC: Disabled
Heap:
 garbage-first heap   total 106496K, used 28577K [0x0000000081200000, 0x0000000100000000)
  region size 1024K, 8 young (8192K), 2 survivors (2048K)
 Metaspace       used 39513K, committed 39808K, reserved 1114112K
  class space    used 4453K, committed 4608K, reserved 1048576K
GC Heap History (20 events):
Event: 25.293 GC heap before
{Heap before GC invocations=15 (full 0):
 garbage-first heap   total 53248K, used 28661K [0x0000000081200000, 0x0000000100000000)
  region size 1024K, 4 young (4096K), 2 survivors (2048K)
 Metaspace       used 38923K, committed 39232K, reserved 1114112K
  class space    used 4435K, committed 4608K, reserved 1048576K
}
Event: 25.295 GC heap after
{Heap after GC invocations=16 (full 0):
 garbage-first heap   total 53248K, used 23239K [0x0000000081200000, 0x0000000100000000)
  region size 1024K, 2 young (2048K), 2 survivors (2048K)
 Metaspace       used 38923K, committed 39232K, reserved 1114112K
  class space    used 4435K, committed 4608K, reserved 1048576K
}
Event: 25.322 GC heap before
{Heap before GC invocations=16 (full 0):
 garbage-first heap   total 53248K, used 26311K [0x0000000081200000, 0x0000000100000000)
  region size 1024K, 4 young (4096K), 2 survivors (2048K)
 Metaspace       used 38926K, committed 39232K, reserved 1114112K
  class space    used 4435K, committed 4608K, reserved 1048576K
}
Event: 25.324 GC heap after
{Heap after GC invocations=17 (full 0):
 garbage-first heap   total 53248K, used 23201K [0x0000000081200000, 0x0000000100000000)
  region size 1024K, 2 young (2048K), 2 survivors (2048K)
 Metaspace       used 38926K, committed 39232K, reserved 1114112K
  class space    used 4435K, committed 4608K, reserved 1048576K
}
Event: 25.370 GC heap before
{Heap before GC invocations=17 (full 0):
 garbage-first heap   total 53248K, used 26273K [0x0000000081200000, 0x0000000100000000)
  region size 1024K, 4 young (4096K), 2 survivors (2048K)
 Metaspace       used 38930K, committed 39232K, reserved 1114112K
  class space    used 4435K, committed 4608K, reserved 1048576K
}
Event: 25.373 GC heap after
{Heap after GC invocations=18 (full 0):
 garbage-first heap   total 106496K, used 23276K [0x0000000081200000, 0x0000000100000000)
  region size 1024K, 2 young (2048K), 2 survivors (2048K)
 Metaspace       used 38930K, committed 39232K, reserved 1114112K
  class space    used 4435K, committed 4608K, reserved 1048576K
}
Event: 25.887 GC heap before
{Heap before GC invocations=18 (full 0):
 garbage-first heap   total 106496K, used 63212K [0x0000000081200000, 0x0000000100000000)
  region size 1024K, 19 young (19456K), 2 survivors (2048K)
 Metaspace       used 39004K, committed 39360K, reserved 1114112K
  class space    used 4442K, committed 4608K, reserved 1048576K
}
Event: 25.889 GC heap after
{Heap after GC invocations=19 (full 0):
 garbage-first heap   total 106496K, used 45734K [0x0000000081200000, 0x0000000100000000)
  region size 1024K, 2 young (2048K), 2 survivors (2048K)
 Metaspace       used 39004K, committed 39360K, reserved 1114112K
  class space    used 4442K, committed 4608K, reserved 1048576K
}
Event: 25.986 GC heap before
{Heap before GC invocations=19 (full 0):
 garbage-first heap   total 106496K, used 49830K [0x0000000081200000, 0x0000000100000000)
  region size 1024K, 5 young (5120K), 2 survivors (2048K)
 Metaspace       used 39010K, committed 39360K, reserved 1114112K
  class space    used 4442K, committed 4608K, reserved 1048576K
}
Event: 25.988 GC heap after
{Heap after GC invocations=20 (full 0):
 garbage-first heap   total 106496K, used 23197K [0x0000000081200000, 0x0000000100000000)
  region size 1024K, 2 young (2048K), 2 survivors (2048K)
 Metaspace       used 39010K, committed 39360K, reserved 1114112K
  class space    used 4442K, committed 4608K, reserved 1048576K
}
Event: 26.745 GC heap before
{Heap before GC invocations=20 (full 0):
 garbage-first heap   total 106496K, used 63133K [0x0000000081200000, 0x0000000100000000)
  region size 1024K, 19 young (19456K), 2 survivors (2048K)
 Metaspace       used 39283K, committed 39616K, reserved 1114112K
  class space    used 4449K, committed 4608K, reserved 1048576K
}
Event: 26.748 GC heap after
{Heap after GC invocations=21 (full 0):
 garbage-first heap   total 106496K, used 33563K [0x0000000081200000, 0x0000000100000000)
  region size 1024K, 2 young (2048K), 2 survivors (2048K)
 Metaspace       used 39283K, committed 39616K, reserved 1114112K
  class space    used 4449K, committed 4608K, reserved 1048576K
}
Event: 26.977 GC heap before
{Heap before GC invocations=21 (full 0):
 garbage-first heap   total 106496K, used 57115K [0x0000000081200000, 0x0000000100000000)
  region size 1024K, 12 young (12288K), 2 survivors (2048K)
 Metaspace       used 39283K, committed 39616K, reserved 1114112K
  class space    used 4449K, committed 4608K, reserved 1048576K
}
Event: 26.979 GC heap after
{Heap after GC invocations=22 (full 0):
 garbage-first heap   total 106496K, used 21272K [0x0000000081200000, 0x0000000100000000)
  region size 1024K, 2 young (2048K), 2 survivors (2048K)
 Metaspace       used 39283K, committed 39616K, reserved 1114112K
  class space    used 4449K, committed 4608K, reserved 1048576K
}
Event: 27.420 GC heap before
{Heap before GC invocations=22 (full 0):
 garbage-first heap   total 106496K, used 64280K [0x0000000081200000, 0x0000000100000000)
  region size 1024K, 20 young (20480K), 2 survivors (2048K)
 Metaspace       used 39300K, committed 39616K, reserved 1114112K
  class space    used 4449K, committed 4608K, reserved 1048576K
}
Event: 27.422 GC heap after
{Heap after GC invocations=23 (full 0):
 garbage-first heap   total 106496K, used 21326K [0x0000000081200000, 0x0000000100000000)
  region size 1024K, 2 young (2048K), 2 survivors (2048K)
 Metaspace       used 39300K, committed 39616K, reserved 1114112K
  class space    used 4449K, committed 4608K, reserved 1048576K
}
Event: 27.839 GC heap before
{Heap before GC invocations=23 (full 0):
 garbage-first heap   total 106496K, used 65358K [0x0000000081200000, 0x0000000100000000)
  region size 1024K, 20 young (20480K), 2 survivors (2048K)
 Metaspace       used 39315K, committed 39616K, reserved 1114112K
  class space    used 4449K, committed 4608K, reserved 1048576K
}
Event: 27.841 GC heap after
{Heap after GC invocations=24 (full 0):
 garbage-first heap   total 106496K, used 21292K [0x0000000081200000, 0x0000000100000000)
  region size 1024K, 2 young (2048K), 2 survivors (2048K)
 Metaspace       used 39315K, committed 39616K, reserved 1114112K
  class space    used 4449K, committed 4608K, reserved 1048576K
}
Event: 28.242 GC heap before
{Heap before GC invocations=24 (full 0):
 garbage-first heap   total 106496K, used 65324K [0x0000000081200000, 0x0000000100000000)
  region size 1024K, 20 young (20480K), 2 survivors (2048K)
 Metaspace       used 39317K, committed 39616K, reserved 1114112K
  class space    used 4449K, committed 4608K, reserved 1048576K
}
Event: 28.244 GC heap after
{Heap after GC invocations=25 (full 0):
 garbage-first heap   total 106496K, used 21409K [0x0000000081200000, 0x0000000100000000)
  region size 1024K, 2 young (2048K), 2 survivors (2048K)
 Metaspace       used 39317K, committed 39616K, reserved 1114112K
  class space    used 4449K, committed 4608K, reserved 1048576K
}

