# JRE version: Java(TM) SE Runtime Environment (19.0.1+10) (build 19.0.1+10-21)
# Java VM: Java HotSpot(TM) 64-Bit Server VM (19.0.1+10-21, mixed mode, sharing, tiered, compressed oops, compressed class ptrs, g1 gc, windows-amd64)
GC Precious Log:
 CardTable entry size: 512
 Card Set container configuration: InlinePtr #cards 5 size 8 Array Of Cards #cards 12 size 40 Howl #buckets 4 coarsen threshold 1843 Howl Bitmap #cards 512 size 80 coarsen threshold 460 Card regions per heap region 1 cards per card region 2048
 CPUs: 4 total, 4 available
 Memory: 8113M
 Large Page Support: Disabled
 NUMA Support: Disabled
 Compressed Oops: Enabled (32-bit)
 Heap Region Size: 1M
 Heap Min Capacity: 8M
 Heap Initial Capacity: 128M
 Heap Max Capacity: 2030M
 Pre-touch: Disabled
 Parallel Workers: 4
 Concurrent Workers: 1
 Concurrent Refinement Workers: 4
 Periodic GC: Disabled
Heap:
 garbage-first heap   total 202752K, used 88615K [0x0000000081200000, 0x0000000100000000)
  region size 1024K, 38 young (38912K), 2 survivors (2048K)
 Metaspace       used 45623K, committed 45952K, reserved 1114112K
  class space    used 4952K, committed 5120K, reserved 1048576K
GC Heap History (20 events):
Event: 547.001 GC heap before
{Heap before GC invocations=524 (full 0):
 garbage-first heap   total 202752K, used 95908K [0x0000000081200000, 0x0000000100000000)
  region size 1024K, 8 young (8192K), 1 survivors (1024K)
 Metaspace       used 44747K, committed 45120K, reserved 1114112K
  class space    used 4876K, committed 5056K, reserved 1048576K
}
Event: 547.002 GC heap after
{Heap after GC invocations=525 (full 0):
 garbage-first heap   total 202752K, used 46754K [0x0000000081200000, 0x0000000100000000)
  region size 1024K, 1 young (1024K), 1 survivors (1024K)
 Metaspace       used 44747K, committed 45120K, reserved 1114112K
  class space    used 4876K, committed 5056K, reserved 1048576K
}
Event: 550.720 GC heap before
{Heap before GC invocations=525 (full 0):
 garbage-first heap   total 202752K, used 117410K [0x0000000081200000, 0x0000000100000000)
  region size 1024K, 29 young (29696K), 1 survivors (1024K)
 Metaspace       used 44747K, committed 45120K, reserved 1114112K
  class space    used 4876K, committed 5056K, reserved 1048576K
}
Event: 550.722 GC heap after
{Heap after GC invocations=526 (full 0):
 garbage-first heap   total 202752K, used 79529K [0x0000000081200000, 0x0000000100000000)
  region size 1024K, 1 young (1024K), 1 survivors (1024K)
 Metaspace       used 44747K, committed 45120K, reserved 1114112K
  class space    used 4876K, committed 5056K, reserved 1048576K
}
Event: 551.596 GC heap before
{Heap before GC invocations=526 (full 0):
 garbage-first heap   total 202752K, used 95913K [0x0000000081200000, 0x0000000100000000)
  region size 1024K, 8 young (8192K), 1 survivors (1024K)
 Metaspace       used 44747K, committed 45120K, reserved 1114112K
  class space    used 4876K, committed 5056K, reserved 1048576K
}
Event: 551.597 GC heap after
{Heap after GC invocations=527 (full 0):
 garbage-first heap   total 202752K, used 46755K [0x0000000081200000, 0x0000000100000000)
  region size 1024K, 1 young (1024K), 1 survivors (1024K)
 Metaspace       used 44747K, committed 45120K, reserved 1114112K
  class space    used 4876K, committed 5056K, reserved 1048576K
}
Event: 555.235 GC heap before
{Heap before GC invocations=527 (full 0):
 garbage-first heap   total 202752K, used 117411K [0x0000000081200000, 0x0000000100000000)
  region size 1024K, 29 young (29696K), 1 survivors (1024K)
 Metaspace       used 44747K, committed 45120K, reserved 1114112K
  class space    used 4876K, committed 5056K, reserved 1048576K
}
Event: 555.236 GC heap after
{Heap after GC invocations=528 (full 0):
 garbage-first heap   total 202752K, used 79531K [0x0000000081200000, 0x0000000100000000)
  region size 1024K, 1 young (1024K), 1 survivors (1024K)
 Metaspace       used 44747K, committed 45120K, reserved 1114112K
  class space    used 4876K, committed 5056K, reserved 1048576K
}
Event: 556.111 GC heap before
{Heap before GC invocations=528 (full 0):
 garbage-first heap   total 202752K, used 95915K [0x0000000081200000, 0x0000000100000000)
  region size 1024K, 8 young (8192K), 1 survivors (1024K)
 Metaspace       used 44747K, committed 45120K, reserved 1114112K
  class space    used 4876K, committed 5056K, reserved 1048576K
}
Event: 556.112 GC heap after
{Heap after GC invocations=529 (full 0):
 garbage-first heap   total 202752K, used 46759K [0x0000000081200000, 0x0000000100000000)
  region size 1024K, 1 young (1024K), 1 survivors (1024K)
 Metaspace       used 44747K, committed 45120K, reserved 1114112K
  class space    used 4876K, committed 5056K, reserved 1048576K
}
Event: 559.574 GC heap before
{Heap before GC invocations=529 (full 0):
 garbage-first heap   total 202752K, used 116391K [0x0000000081200000, 0x0000000100000000)
  region size 1024K, 29 young (29696K), 1 survivors (1024K)
 Metaspace       used 44747K, committed 45120K, reserved 1114112K
  class space    used 4876K, committed 5056K, reserved 1048576K
}
Event: 559.575 GC heap after
{Heap after GC invocations=530 (full 0):
 garbage-first heap   total 202752K, used 79529K [0x0000000081200000, 0x0000000100000000)
  region size 1024K, 1 young (1024K), 1 survivors (1024K)
 Metaspace       used 44747K, committed 45120K, reserved 1114112K
  class space    used 4876K, committed 5056K, reserved 1048576K
}
Event: 560.412 GC heap before
{Heap before GC invocations=530 (full 0):
 garbage-first heap   total 202752K, used 95913K [0x0000000081200000, 0x0000000100000000)
  region size 1024K, 8 young (8192K), 1 survivors (1024K)
 Metaspace       used 44747K, committed 45120K, reserved 1114112K
  class space    used 4876K, committed 5056K, reserved 1048576K
}
Event: 560.413 GC heap after
{Heap after GC invocations=531 (full 0):
 garbage-first heap   total 202752K, used 46758K [0x0000000081200000, 0x0000000100000000)
  region size 1024K, 1 young (1024K), 1 survivors (1024K)
 Metaspace       used 44747K, committed 45120K, reserved 1114112K
  class space    used 4876K, committed 5056K, reserved 1048576K
}
Event: 563.991 GC heap before
{Heap before GC invocations=531 (full 0):
 garbage-first heap   total 202752K, used 117414K [0x0000000081200000, 0x0000000100000000)
  region size 1024K, 29 young (29696K), 1 survivors (1024K)
 Metaspace       used 44747K, committed 45120K, reserved 1114112K
  class space    used 4876K, committed 5056K, reserved 1048576K
}
Event: 563.992 GC heap after
{Heap after GC invocations=532 (full 0):
 garbage-first heap   total 202752K, used 79535K [0x0000000081200000, 0x0000000100000000)
  region size 1024K, 1 young (1024K), 1 survivors (1024K)
 Metaspace       used 44747K, committed 45120K, reserved 1114112K
  class space    used 4876K, committed 5056K, reserved 1048576K
}
Event: 564.875 GC heap before
{Heap before GC invocations=532 (full 0):
 garbage-first heap   total 202752K, used 95919K [0x0000000081200000, 0x0000000100000000)
  region size 1024K, 8 young (8192K), 1 survivors (1024K)
 Metaspace       used 44747K, committed 45120K, reserved 1114112K
  class space    used 4876K, committed 5056K, reserved 1048576K
}
Event: 564.876 GC heap after
{Heap after GC invocations=533 (full 0):
 garbage-first heap   total 202752K, used 46761K [0x0000000081200000, 0x0000000100000000)
  region size 1024K, 1 young (1024K), 1 survivors (1024K)
 Metaspace       used 44747K, committed 45120K, reserved 1114112K
  class space    used 4876K, committed 5056K, reserved 1048576K
}
Event: 615.896 GC heap before
{Heap before GC invocations=533 (full 0):
 garbage-first heap   total 202752K, used 181929K [0x0000000081200000, 0x0000000100000000)
  region size 1024K, 118 young (120832K), 1 survivors (1024K)
 Metaspace       used 45601K, committed 45952K, reserved 1114112K
  class space    used 4948K, committed 5120K, reserved 1048576K
}
Event: 615.906 GC heap after
{Heap after GC invocations=534 (full 0):
 garbage-first heap   total 202752K, used 52775K [0x0000000081200000, 0x0000000100000000)
  region size 1024K, 2 young (2048K), 2 survivors (2048K)
 Metaspace       used 45601K, committed 45952K, reserved 1114112K
  class space    used 4948K, committed 5120K, reserved 1048576K
}

