# JRE version: Java(TM) SE Runtime Environment (19.0.1+10) (build 19.0.1+10-21)
# Java VM: Java HotSpot(TM) 64-Bit Server VM (19.0.1+10-21, mixed mode, sharing, tiered, compressed oops, compressed class ptrs, g1 gc, windows-amd64)
GC Precious Log:
 CardTable entry size: 512
 Card Set container configuration: InlinePtr #cards 5 size 8 Array Of Cards #cards 12 size 40 Howl #buckets 4 coarsen threshold 1843 Howl Bitmap #cards 512 size 80 coarsen threshold 460 Card regions per heap region 1 cards per card region 2048
 CPUs: 4 total, 4 available
 Memory: 8113M
 Large Page Support: Disabled
 NUMA Support: Disabled
 Compressed Oops: Enabled (32-bit)
 Heap Region Size: 1M
 Heap Min Capacity: 8M
 Heap Initial Capacity: 128M
 Heap Max Capacity: 2030M
 Pre-touch: Disabled
 Parallel Workers: 4
 Concurrent Workers: 1
 Concurrent Refinement Workers: 4
 Periodic GC: Disabled
Heap:
 garbage-first heap   total 189440K, used 76235K [0x0000000081200000, 0x0000000100000000)
  region size 1024K, 25 young (25600K), 1 survivors (1024K)
 Metaspace       used 25532K, committed 25792K, reserved 1114112K
  class space    used 2743K, committed 2880K, reserved 1048576K
GC Heap History (20 events):
Event: 17.407 GC heap before
{Heap before GC invocations=32 (full 0):
 garbage-first heap   total 189440K, used 107458K [0x0000000081200000, 0x0000000100000000)
  region size 1024K, 24 young (24576K), 1 survivors (1024K)
 Metaspace       used 25249K, committed 25536K, reserved 1114112K
  class space    used 2740K, committed 2880K, reserved 1048576K
}
Event: 17.408 GC heap after
{Heap after GC invocations=33 (full 0):
 garbage-first heap   total 189440K, used 54214K [0x0000000081200000, 0x0000000100000000)
  region size 1024K, 1 young (1024K), 1 survivors (1024K)
 Metaspace       used 25249K, committed 25536K, reserved 1114112K
  class space    used 2740K, committed 2880K, reserved 1048576K
}
Event: 17.872 GC heap before
{Heap before GC invocations=33 (full 0):
 garbage-first heap   total 189440K, used 105414K [0x0000000081200000, 0x0000000100000000)
  region size 1024K, 22 young (22528K), 1 survivors (1024K)
 Metaspace       used 25260K, committed 25536K, reserved 1114112K
  class space    used 2740K, committed 2880K, reserved 1048576K
}
Event: 17.873 GC heap after
{Heap after GC invocations=34 (full 0):
 garbage-first heap   total 189440K, used 50119K [0x0000000081200000, 0x0000000100000000)
  region size 1024K, 1 young (1024K), 1 survivors (1024K)
 Metaspace       used 25260K, committed 25536K, reserved 1114112K
  class space    used 2740K, committed 2880K, reserved 1048576K
}
Event: 18.474 GC heap before
{Heap before GC invocations=34 (full 0):
 garbage-first heap   total 189440K, used 107463K [0x0000000081200000, 0x0000000100000000)
  region size 1024K, 24 young (24576K), 1 survivors (1024K)
 Metaspace       used 25271K, committed 25536K, reserved 1114112K
  class space    used 2740K, committed 2880K, reserved 1048576K
}
Event: 18.476 GC heap after
{Heap after GC invocations=35 (full 0):
 garbage-first heap   total 189440K, used 54216K [0x0000000081200000, 0x0000000100000000)
  region size 1024K, 1 young (1024K), 1 survivors (1024K)
 Metaspace       used 25271K, committed 25536K, reserved 1114112K
  class space    used 2740K, committed 2880K, reserved 1048576K
}
Event: 18.959 GC heap before
{Heap before GC invocations=35 (full 0):
 garbage-first heap   total 189440K, used 104392K [0x0000000081200000, 0x0000000100000000)
  region size 1024K, 21 young (21504K), 1 survivors (1024K)
 Metaspace       used 25279K, committed 25536K, reserved 1114112K
  class space    used 2740K, committed 2880K, reserved 1048576K
}
Event: 18.961 GC heap after
{Heap after GC invocations=36 (full 0):
 garbage-first heap   total 189440K, used 50116K [0x0000000081200000, 0x0000000100000000)
  region size 1024K, 1 young (1024K), 1 survivors (1024K)
 Metaspace       used 25279K, committed 25536K, reserved 1114112K
  class space    used 2740K, committed 2880K, reserved 1048576K
}
Event: 19.502 GC heap before
{Heap before GC invocations=36 (full 0):
 garbage-first heap   total 189440K, used 107460K [0x0000000081200000, 0x0000000100000000)
  region size 1024K, 24 young (24576K), 1 survivors (1024K)
 Metaspace       used 25316K, committed 25600K, reserved 1114112K
  class space    used 2740K, committed 2880K, reserved 1048576K
}
Event: 19.503 GC heap after
{Heap after GC invocations=37 (full 0):
 garbage-first heap   total 189440K, used 54199K [0x0000000081200000, 0x0000000100000000)
  region size 1024K, 1 young (1024K), 1 survivors (1024K)
 Metaspace       used 25316K, committed 25600K, reserved 1114112K
  class space    used 2740K, committed 2880K, reserved 1048576K
}
Event: 20.047 GC heap before
{Heap before GC invocations=37 (full 0):
 garbage-first heap   total 189440K, used 104375K [0x0000000081200000, 0x0000000100000000)
  region size 1024K, 21 young (21504K), 1 survivors (1024K)
 Metaspace       used 25345K, committed 25600K, reserved 1114112K
  class space    used 2740K, committed 2880K, reserved 1048576K
}
Event: 20.050 GC heap after
{Heap after GC invocations=38 (full 0):
 garbage-first heap   total 189440K, used 50117K [0x0000000081200000, 0x0000000100000000)
  region size 1024K, 1 young (1024K), 1 survivors (1024K)
 Metaspace       used 25345K, committed 25600K, reserved 1114112K
  class space    used 2740K, committed 2880K, reserved 1048576K
}
Event: 20.596 GC heap before
{Heap before GC invocations=38 (full 0):
 garbage-first heap   total 189440K, used 107461K [0x0000000081200000, 0x0000000100000000)
  region size 1024K, 24 young (24576K), 1 survivors (1024K)
 Metaspace       used 25345K, committed 25600K, reserved 1114112K
  class space    used 2740K, committed 2880K, reserved 1048576K
}
Event: 20.597 GC heap after
{Heap after GC invocations=39 (full 0):
 garbage-first heap   total 189440K, used 54227K [0x0000000081200000, 0x0000000100000000)
  region size 1024K, 1 young (1024K), 1 survivors (1024K)
 Metaspace       used 25345K, committed 25600K, reserved 1114112K
  class space    used 2740K, committed 2880K, reserved 1048576K
}
Event: 21.070 GC heap before
{Heap before GC invocations=39 (full 0):
 garbage-first heap   total 189440K, used 105427K [0x0000000081200000, 0x0000000100000000)
  region size 1024K, 22 young (22528K), 1 survivors (1024K)
 Metaspace       used 25348K, committed 25600K, reserved 1114112K
  class space    used 2740K, committed 2880K, reserved 1048576K
}
Event: 21.071 GC heap after
{Heap after GC invocations=40 (full 0):
 garbage-first heap   total 189440K, used 50150K [0x0000000081200000, 0x0000000100000000)
  region size 1024K, 1 young (1024K), 1 survivors (1024K)
 Metaspace       used 25348K, committed 25600K, reserved 1114112K
  class space    used 2740K, committed 2880K, reserved 1048576K
}
Event: 21.758 GC heap before
{Heap before GC invocations=40 (full 0):
 garbage-first heap   total 189440K, used 108518K [0x0000000081200000, 0x0000000100000000)
  region size 1024K, 25 young (25600K), 1 survivors (1024K)
 Metaspace       used 25365K, committed 25600K, reserved 1114112K
  class space    used 2740K, committed 2880K, reserved 1048576K
}
Event: 21.759 GC heap after
{Heap after GC invocations=41 (full 0):
 garbage-first heap   total 189440K, used 32202K [0x0000000081200000, 0x0000000100000000)
  region size 1024K, 1 young (1024K), 1 survivors (1024K)
 Metaspace       used 25365K, committed 25600K, reserved 1114112K
  class space    used 2740K, committed 2880K, reserved 1048576K
}
Event: 22.622 GC heap before
{Heap before GC invocations=41 (full 0):
 garbage-first heap   total 189440K, used 121290K [0x0000000081200000, 0x0000000100000000)
  region size 1024K, 37 young (37888K), 1 survivors (1024K)
 Metaspace       used 25445K, committed 25728K, reserved 1114112K
  class space    used 2740K, committed 2880K, reserved 1048576K
}
Event: 22.624 GC heap after
{Heap after GC invocations=42 (full 0):
 garbage-first heap   total 189440K, used 19915K [0x0000000081200000, 0x0000000100000000)
  region size 1024K, 1 young (1024K), 1 survivors (1024K)
 Metaspace       used 25445K, committed 25728K, reserved 1114112K
  class space    used 2740K, committed 2880K, reserved 1048576K
}

