# JRE version: Java(TM) SE Runtime Environment (19.0.1+10) (build 19.0.1+10-21)
# Java VM: Java HotSpot(TM) 64-Bit Server VM (19.0.1+10-21, mixed mode, sharing, tiered, compressed oops, compressed class ptrs, g1 gc, windows-amd64)
GC Precious Log:
 CardTable entry size: 512
 Card Set container configuration: InlinePtr #cards 5 size 8 Array Of Cards #cards 12 size 40 Howl #buckets 4 coarsen threshold 1843 Howl Bitmap #cards 512 size 80 coarsen threshold 460 Card regions per heap region 1 cards per card region 2048
 CPUs: 4 total, 4 available
 Memory: 8113M
 Large Page Support: Disabled
 NUMA Support: Disabled
 Compressed Oops: Enabled (32-bit)
 Heap Region Size: 1M
 Heap Min Capacity: 8M
 Heap Initial Capacity: 128M
 Heap Max Capacity: 2030M
 Pre-touch: Disabled
 Parallel Workers: 4
 Concurrent Workers: 1
 Concurrent Refinement Workers: 4
 Periodic GC: Disabled
Heap:
 garbage-first heap   total 239616K, used 165626K [0x0000000081200000, 0x0000000100000000)
  region size 1024K, 60 young (61440K), 1 survivors (1024K)
 Metaspace       used 39610K, committed 39936K, reserved 1114112K
  class space    used 4461K, committed 4608K, reserved 1048576K
GC Heap History (20 events):
Event: 27.154 GC heap before
{Heap before GC invocations=29 (full 0):
 garbage-first heap   total 239616K, used 162549K [0x0000000081200000, 0x0000000100000000)
  region size 1024K, 57 young (58368K), 1 survivors (1024K)
 Metaspace       used 39491K, committed 39808K, reserved 1114112K
  class space    used 4448K, committed 4608K, reserved 1048576K
}
Event: 27.158 GC heap after
{Heap after GC invocations=30 (full 0):
 garbage-first heap   total 239616K, used 21233K [0x0000000081200000, 0x0000000100000000)
  region size 1024K, 1 young (1024K), 1 survivors (1024K)
 Metaspace       used 39491K, committed 39808K, reserved 1114112K
  class space    used 4448K, committed 4608K, reserved 1048576K
}
Event: 28.603 GC heap before
{Heap before GC invocations=30 (full 0):
 garbage-first heap   total 239616K, used 160497K [0x0000000081200000, 0x0000000100000000)
  region size 1024K, 55 young (56320K), 1 survivors (1024K)
 Metaspace       used 39496K, committed 39808K, reserved 1114112K
  class space    used 4448K, committed 4608K, reserved 1048576K
}
Event: 28.604 GC heap after
{Heap after GC invocations=31 (full 0):
 garbage-first heap   total 239616K, used 21228K [0x0000000081200000, 0x0000000100000000)
  region size 1024K, 1 young (1024K), 1 survivors (1024K)
 Metaspace       used 39496K, committed 39808K, reserved 1114112K
  class space    used 4448K, committed 4608K, reserved 1048576K
}
Event: 30.202 GC heap before
{Heap before GC invocations=31 (full 0):
 garbage-first heap   total 239616K, used 162540K [0x0000000081200000, 0x0000000100000000)
  region size 1024K, 57 young (58368K), 1 survivors (1024K)
 Metaspace       used 39500K, committed 39808K, reserved 1114112K
  class space    used 4448K, committed 4608K, reserved 1048576K
}
Event: 30.204 GC heap after
{Heap after GC invocations=32 (full 0):
 garbage-first heap   total 239616K, used 21226K [0x0000000081200000, 0x0000000100000000)
  region size 1024K, 1 young (1024K), 1 survivors (1024K)
 Metaspace       used 39500K, committed 39808K, reserved 1114112K
  class space    used 4448K, committed 4608K, reserved 1048576K
}
Event: 31.622 GC heap before
{Heap before GC invocations=32 (full 0):
 garbage-first heap   total 239616K, used 162538K [0x0000000081200000, 0x0000000100000000)
  region size 1024K, 57 young (58368K), 1 survivors (1024K)
 Metaspace       used 39518K, committed 39872K, reserved 1114112K
  class space    used 4448K, committed 4608K, reserved 1048576K
}
Event: 31.625 GC heap after
{Heap after GC invocations=33 (full 0):
 garbage-first heap   total 239616K, used 21230K [0x0000000081200000, 0x0000000100000000)
  region size 1024K, 1 young (1024K), 1 survivors (1024K)
 Metaspace       used 39518K, committed 39872K, reserved 1114112K
  class space    used 4448K, committed 4608K, reserved 1048576K
}
Event: 33.206 GC heap before
{Heap before GC invocations=33 (full 0):
 garbage-first heap   total 239616K, used 162542K [0x0000000081200000, 0x0000000100000000)
  region size 1024K, 57 young (58368K), 1 survivors (1024K)
 Metaspace       used 39518K, committed 39872K, reserved 1114112K
  class space    used 4448K, committed 4608K, reserved 1048576K
}
Event: 33.209 GC heap after
{Heap after GC invocations=34 (full 0):
 garbage-first heap   total 239616K, used 21227K [0x0000000081200000, 0x0000000100000000)
  region size 1024K, 1 young (1024K), 1 survivors (1024K)
 Metaspace       used 39518K, committed 39872K, reserved 1114112K
  class space    used 4448K, committed 4608K, reserved 1048576K
}
Event: 34.723 GC heap before
{Heap before GC invocations=34 (full 0):
 garbage-first heap   total 239616K, used 160491K [0x0000000081200000, 0x0000000100000000)
  region size 1024K, 55 young (56320K), 1 survivors (1024K)
 Metaspace       used 39518K, committed 39872K, reserved 1114112K
  class space    used 4448K, committed 4608K, reserved 1048576K
}
Event: 34.726 GC heap after
{Heap after GC invocations=35 (full 0):
 garbage-first heap   total 239616K, used 21232K [0x0000000081200000, 0x0000000100000000)
  region size 1024K, 1 young (1024K), 1 survivors (1024K)
 Metaspace       used 39518K, committed 39872K, reserved 1114112K
  class space    used 4448K, committed 4608K, reserved 1048576K
}
Event: 36.313 GC heap before
{Heap before GC invocations=35 (full 0):
 garbage-first heap   total 239616K, used 160496K [0x0000000081200000, 0x0000000100000000)
  region size 1024K, 55 young (56320K), 1 survivors (1024K)
 Metaspace       used 39525K, committed 39872K, reserved 1114112K
  class space    used 4448K, committed 4608K, reserved 1048576K
}
Event: 36.314 GC heap after
{Heap after GC invocations=36 (full 0):
 garbage-first heap   total 239616K, used 21232K [0x0000000081200000, 0x0000000100000000)
  region size 1024K, 1 young (1024K), 1 survivors (1024K)
 Metaspace       used 39525K, committed 39872K, reserved 1114112K
  class space    used 4448K, committed 4608K, reserved 1048576K
}
Event: 37.798 GC heap before
{Heap before GC invocations=36 (full 0):
 garbage-first heap   total 239616K, used 162544K [0x0000000081200000, 0x0000000100000000)
  region size 1024K, 57 young (58368K), 1 survivors (1024K)
 Metaspace       used 39525K, committed 39872K, reserved 1114112K
  class space    used 4448K, committed 4608K, reserved 1048576K
}
Event: 37.801 GC heap after
{Heap after GC invocations=37 (full 0):
 garbage-first heap   total 239616K, used 21237K [0x0000000081200000, 0x0000000100000000)
  region size 1024K, 1 young (1024K), 1 survivors (1024K)
 Metaspace       used 39525K, committed 39872K, reserved 1114112K
  class space    used 4448K, committed 4608K, reserved 1048576K
}
Event: 39.203 GC heap before
{Heap before GC invocations=37 (full 0):
 garbage-first heap   total 239616K, used 161525K [0x0000000081200000, 0x0000000100000000)
  region size 1024K, 56 young (57344K), 1 survivors (1024K)
 Metaspace       used 39525K, committed 39872K, reserved 1114112K
  class space    used 4448K, committed 4608K, reserved 1048576K
}
Event: 39.206 GC heap after
{Heap after GC invocations=38 (full 0):
 garbage-first heap   total 239616K, used 21237K [0x0000000081200000, 0x0000000100000000)
  region size 1024K, 1 young (1024K), 1 survivors (1024K)
 Metaspace       used 39525K, committed 39872K, reserved 1114112K
  class space    used 4448K, committed 4608K, reserved 1048576K
}
Event: 40.743 GC heap before
{Heap before GC invocations=38 (full 0):
 garbage-first heap   total 239616K, used 161525K [0x0000000081200000, 0x0000000100000000)
  region size 1024K, 56 young (57344K), 1 survivors (1024K)
 Metaspace       used 39525K, committed 39872K, reserved 1114112K
  class space    used 4448K, committed 4608K, reserved 1048576K
}
Event: 40.748 GC heap after
{Heap after GC invocations=39 (full 0):
 garbage-first heap   total 239616K, used 21242K [0x0000000081200000, 0x0000000100000000)
  region size 1024K, 1 young (1024K), 1 survivors (1024K)
 Metaspace       used 39525K, committed 39872K, reserved 1114112K
  class space    used 4448K, committed 4608K, reserved 1048576K
}

