# JRE version: Java(TM) SE Runtime Environment (19.0.1+10) (build 19.0.1+10-21)
# Java VM: Java HotSpot(TM) 64-Bit Server VM (19.0.1+10-21, mixed mode, sharing, tiered, compressed oops, compressed class ptrs, g1 gc, windows-amd64)
GC Precious Log:
 CardTable entry size: 512
 Card Set container configuration: InlinePtr #cards 5 size 8 Array Of Cards #cards 12 size 40 Howl #buckets 4 coarsen threshold 1843 Howl Bitmap #cards 512 size 80 coarsen threshold 460 Card regions per heap region 1 cards per card region 2048
 CPUs: 4 total, 4 available
 Memory: 8113M
 Large Page Support: Disabled
 NUMA Support: Disabled
 Compressed Oops: Enabled (32-bit)
 Heap Region Size: 1M
 Heap Min Capacity: 8M
 Heap Initial Capacity: 128M
 Heap Max Capacity: 2030M
 Pre-touch: Disabled
 Parallel Workers: 4
 Concurrent Workers: 1
 Concurrent Refinement Workers: 4
 Periodic GC: Disabled
Heap:
 garbage-first heap   total 128000K, used 40848K [0x0000000081200000, 0x0000000100000000)
  region size 1024K, 13 young (13312K), 1 survivors (1024K)
 Metaspace       used 25917K, committed 26176K, reserved 1114112K
  class space    used 2816K, committed 2944K, reserved 1048576K
GC Heap History (20 events):
Event: 46.411 GC heap before
{Heap before GC invocations=13 (full 0):
 garbage-first heap   total 128000K, used 83641K [0x0000000081200000, 0x0000000100000000)
  region size 1024K, 27 young (27648K), 1 survivors (1024K)
 Metaspace       used 25516K, committed 25856K, reserved 1114112K
  class space    used 2799K, committed 2944K, reserved 1048576K
}
Event: 46.413 GC heap after
{Heap after GC invocations=14 (full 0):
 garbage-first heap   total 128000K, used 56019K [0x0000000081200000, 0x0000000100000000)
  region size 1024K, 1 young (1024K), 1 survivors (1024K)
 Metaspace       used 25516K, committed 25856K, reserved 1114112K
  class space    used 2799K, committed 2944K, reserved 1048576K
}
Event: 46.447 GC heap before
{Heap before GC invocations=14 (full 0):
 garbage-first heap   total 128000K, used 60115K [0x0000000081200000, 0x0000000100000000)
  region size 1024K, 4 young (4096K), 1 survivors (1024K)
 Metaspace       used 25517K, committed 25856K, reserved 1114112K
  class space    used 2799K, committed 2944K, reserved 1048576K
}
Event: 46.449 GC heap after
{Heap after GC invocations=15 (full 0):
 garbage-first heap   total 128000K, used 17103K [0x0000000081200000, 0x0000000100000000)
  region size 1024K, 1 young (1024K), 1 survivors (1024K)
 Metaspace       used 25517K, committed 25856K, reserved 1114112K
  class space    used 2799K, committed 2944K, reserved 1048576K
}
Event: 47.093 GC heap before
{Heap before GC invocations=15 (full 0):
 garbage-first heap   total 128000K, used 84687K [0x0000000081200000, 0x0000000100000000)
  region size 1024K, 28 young (28672K), 1 survivors (1024K)
 Metaspace       used 25566K, committed 25856K, reserved 1114112K
  class space    used 2799K, committed 2944K, reserved 1048576K
}
Event: 47.096 GC heap after
{Heap after GC invocations=16 (full 0):
 garbage-first heap   total 128000K, used 56107K [0x0000000081200000, 0x0000000100000000)
  region size 1024K, 1 young (1024K), 1 survivors (1024K)
 Metaspace       used 25566K, committed 25856K, reserved 1114112K
  class space    used 2799K, committed 2944K, reserved 1048576K
}
Event: 47.130 GC heap before
{Heap before GC invocations=16 (full 0):
 garbage-first heap   total 128000K, used 59179K [0x0000000081200000, 0x0000000100000000)
  region size 1024K, 3 young (3072K), 1 survivors (1024K)
 Metaspace       used 25566K, committed 25856K, reserved 1114112K
  class space    used 2799K, committed 2944K, reserved 1048576K
}
Event: 47.133 GC heap after
{Heap after GC invocations=17 (full 0):
 garbage-first heap   total 128000K, used 17113K [0x0000000081200000, 0x0000000100000000)
  region size 1024K, 1 young (1024K), 1 survivors (1024K)
 Metaspace       used 25566K, committed 25856K, reserved 1114112K
  class space    used 2799K, committed 2944K, reserved 1048576K
}
Event: 49.370 GC heap before
{Heap before GC invocations=17 (full 0):
 garbage-first heap   total 128000K, used 84697K [0x0000000081200000, 0x0000000100000000)
  region size 1024K, 28 young (28672K), 1 survivors (1024K)
 Metaspace       used 25638K, committed 25920K, reserved 1114112K
  class space    used 2807K, committed 2944K, reserved 1048576K
}
Event: 49.371 GC heap after
{Heap after GC invocations=18 (full 0):
 garbage-first heap   total 128000K, used 56046K [0x0000000081200000, 0x0000000100000000)
  region size 1024K, 1 young (1024K), 1 survivors (1024K)
 Metaspace       used 25638K, committed 25920K, reserved 1114112K
  class space    used 2807K, committed 2944K, reserved 1048576K
}
Event: 49.484 GC heap before
{Heap before GC invocations=18 (full 0):
 garbage-first heap   total 128000K, used 60142K [0x0000000081200000, 0x0000000100000000)
  region size 1024K, 4 young (4096K), 1 survivors (1024K)
 Metaspace       used 25638K, committed 25920K, reserved 1114112K
  class space    used 2807K, committed 2944K, reserved 1048576K
}
Event: 49.485 GC heap after
{Heap after GC invocations=19 (full 0):
 garbage-first heap   total 128000K, used 17128K [0x0000000081200000, 0x0000000100000000)
  region size 1024K, 1 young (1024K), 1 survivors (1024K)
 Metaspace       used 25638K, committed 25920K, reserved 1114112K
  class space    used 2807K, committed 2944K, reserved 1048576K
}
Event: 51.218 GC heap before
{Heap before GC invocations=19 (full 0):
 garbage-first heap   total 128000K, used 83688K [0x0000000081200000, 0x0000000100000000)
  region size 1024K, 28 young (28672K), 1 survivors (1024K)
 Metaspace       used 25850K, committed 26112K, reserved 1114112K
  class space    used 2813K, committed 2944K, reserved 1048576K
}
Event: 51.222 GC heap after
{Heap after GC invocations=20 (full 0):
 garbage-first heap   total 128000K, used 41881K [0x0000000081200000, 0x0000000100000000)
  region size 1024K, 1 young (1024K), 1 survivors (1024K)
 Metaspace       used 25850K, committed 26112K, reserved 1114112K
  class space    used 2813K, committed 2944K, reserved 1048576K
}
Event: 51.439 GC heap before
{Heap before GC invocations=20 (full 0):
 garbage-first heap   total 128000K, used 68505K [0x0000000081200000, 0x0000000100000000)
  region size 1024K, 12 young (12288K), 1 survivors (1024K)
 Metaspace       used 25852K, committed 26112K, reserved 1114112K
  class space    used 2813K, committed 2944K, reserved 1048576K
}
Event: 51.440 GC heap after
{Heap after GC invocations=21 (full 0):
 garbage-first heap   total 128000K, used 15252K [0x0000000081200000, 0x0000000100000000)
  region size 1024K, 1 young (1024K), 1 survivors (1024K)
 Metaspace       used 25852K, committed 26112K, reserved 1114112K
  class space    used 2813K, committed 2944K, reserved 1048576K
}
Event: 52.345 GC heap before
{Heap before GC invocations=21 (full 0):
 garbage-first heap   total 128000K, used 85908K [0x0000000081200000, 0x0000000100000000)
  region size 1024K, 29 young (29696K), 1 survivors (1024K)
 Metaspace       used 25863K, committed 26176K, reserved 1114112K
  class space    used 2813K, committed 2944K, reserved 1048576K
}
Event: 52.349 GC heap after
{Heap after GC invocations=22 (full 0):
 garbage-first heap   total 128000K, used 15250K [0x0000000081200000, 0x0000000100000000)
  region size 1024K, 1 young (1024K), 1 survivors (1024K)
 Metaspace       used 25863K, committed 26176K, reserved 1114112K
  class space    used 2813K, committed 2944K, reserved 1048576K
}
Event: 53.139 GC heap before
{Heap before GC invocations=22 (full 0):
 garbage-first heap   total 128000K, used 85906K [0x0000000081200000, 0x0000000100000000)
  region size 1024K, 29 young (29696K), 1 survivors (1024K)
 Metaspace       used 25867K, committed 26176K, reserved 1114112K
  class space    used 2813K, committed 2944K, reserved 1048576K
}
Event: 53.140 GC heap after
{Heap after GC invocations=23 (full 0):
 garbage-first heap   total 128000K, used 15248K [0x0000000081200000, 0x0000000100000000)
  region size 1024K, 1 young (1024K), 1 survivors (1024K)
 Metaspace       used 25867K, committed 26176K, reserved 1114112K
  class space    used 2813K, committed 2944K, reserved 1048576K
}

