# JRE version: Java(TM) SE Runtime Environment (19.0.1+10) (build 19.0.1+10-21)
# Java VM: Java HotSpot(TM) 64-Bit Server VM (19.0.1+10-21, mixed mode, sharing, tiered, compressed oops, compressed class ptrs, g1 gc, windows-amd64)
GC Precious Log:
 CardTable entry size: 512
 Card Set container configuration: InlinePtr #cards 5 size 8 Array Of Cards #cards 12 size 40 Howl #buckets 4 coarsen threshold 1843 Howl Bitmap #cards 512 size 80 coarsen threshold 460 Card regions per heap region 1 cards per card region 2048
 CPUs: 4 total, 4 available
 Memory: 8113M
 Large Page Support: Disabled
 NUMA Support: Disabled
 Compressed Oops: Enabled (32-bit)
 Heap Region Size: 1M
 Heap Min Capacity: 8M
 Heap Initial Capacity: 128M
 Heap Max Capacity: 2030M
 Pre-touch: Disabled
 Parallel Workers: 4
 Concurrent Workers: 1
 Concurrent Refinement Workers: 4
 Periodic GC: Disabled
Heap:
 garbage-first heap   total 114688K, used 55192K [0x0000000081200000, 0x0000000100000000)
  region size 1024K, 17 young (17408K), 1 survivors (1024K)
 Metaspace       used 25275K, committed 25536K, reserved 1114112K
  class space    used 2742K, committed 2880K, reserved 1048576K
GC Heap History (20 events):
Event: 9.787 GC heap before
{Heap before GC invocations=14 (full 0):
 garbage-first heap   total 114688K, used 52938K [0x0000000081200000, 0x0000000100000000)
  region size 1024K, 3 young (3072K), 1 survivors (1024K)
 Metaspace       used 24717K, committed 25024K, reserved 1114112K
  class space    used 2724K, committed 2880K, reserved 1048576K
}
Event: 9.788 GC heap after
{Heap after GC invocations=15 (full 0):
 garbage-first heap   total 114688K, used 21191K [0x0000000081200000, 0x0000000100000000)
  region size 1024K, 1 young (1024K), 1 survivors (1024K)
 Metaspace       used 24717K, committed 25024K, reserved 1114112K
  class space    used 2724K, committed 2880K, reserved 1048576K
}
Event: 10.923 GC heap before
{Heap before GC invocations=15 (full 0):
 garbage-first heap   total 114688K, used 71367K [0x0000000081200000, 0x0000000100000000)
  region size 1024K, 21 young (21504K), 1 survivors (1024K)
 Metaspace       used 24796K, committed 25152K, reserved 1114112K
  class space    used 2731K, committed 2880K, reserved 1048576K
}
Event: 10.924 GC heap after
{Heap after GC invocations=16 (full 0):
 garbage-first heap   total 114688K, used 49891K [0x0000000081200000, 0x0000000100000000)
  region size 1024K, 1 young (1024K), 1 survivors (1024K)
 Metaspace       used 24796K, committed 25152K, reserved 1114112K
  class space    used 2731K, committed 2880K, reserved 1048576K
}
Event: 11.054 GC heap before
{Heap before GC invocations=16 (full 0):
 garbage-first heap   total 114688K, used 53987K [0x0000000081200000, 0x0000000100000000)
  region size 1024K, 4 young (4096K), 1 survivors (1024K)
 Metaspace       used 24797K, committed 25152K, reserved 1114112K
  class space    used 2731K, committed 2880K, reserved 1048576K
}
Event: 11.055 GC heap after
{Heap after GC invocations=17 (full 0):
 garbage-first heap   total 114688K, used 21219K [0x0000000081200000, 0x0000000100000000)
  region size 1024K, 1 young (1024K), 1 survivors (1024K)
 Metaspace       used 24797K, committed 25152K, reserved 1114112K
  class space    used 2731K, committed 2880K, reserved 1048576K
}
Event: 12.912 GC heap before
{Heap before GC invocations=17 (full 0):
 garbage-first heap   total 114688K, used 72419K [0x0000000081200000, 0x0000000100000000)
  region size 1024K, 22 young (22528K), 1 survivors (1024K)
 Metaspace       used 24837K, committed 25152K, reserved 1114112K
  class space    used 2731K, committed 2880K, reserved 1048576K
}
Event: 12.913 GC heap after
{Heap after GC invocations=18 (full 0):
 garbage-first heap   total 114688K, used 49892K [0x0000000081200000, 0x0000000100000000)
  region size 1024K, 1 young (1024K), 1 survivors (1024K)
 Metaspace       used 24837K, committed 25152K, reserved 1114112K
  class space    used 2731K, committed 2880K, reserved 1048576K
}
Event: 13.040 GC heap before
{Heap before GC invocations=18 (full 0):
 garbage-first heap   total 114688K, used 52964K [0x0000000081200000, 0x0000000100000000)
  region size 1024K, 3 young (3072K), 1 survivors (1024K)
 Metaspace       used 24837K, committed 25152K, reserved 1114112K
  class space    used 2731K, committed 2880K, reserved 1048576K
}
Event: 13.041 GC heap after
{Heap after GC invocations=19 (full 0):
 garbage-first heap   total 114688K, used 21214K [0x0000000081200000, 0x0000000100000000)
  region size 1024K, 1 young (1024K), 1 survivors (1024K)
 Metaspace       used 24837K, committed 25152K, reserved 1114112K
  class space    used 2731K, committed 2880K, reserved 1048576K
}
Event: 13.850 GC heap before
{Heap before GC invocations=19 (full 0):
 garbage-first heap   total 114688K, used 72414K [0x0000000081200000, 0x0000000100000000)
  region size 1024K, 22 young (22528K), 1 survivors (1024K)
 Metaspace       used 25067K, committed 25344K, reserved 1114112K
  class space    used 2738K, committed 2880K, reserved 1048576K
}
Event: 13.851 GC heap after
{Heap after GC invocations=20 (full 0):
 garbage-first heap   total 114688K, used 25484K [0x0000000081200000, 0x0000000100000000)
  region size 1024K, 1 young (1024K), 1 survivors (1024K)
 Metaspace       used 25067K, committed 25344K, reserved 1114112K
  class space    used 2738K, committed 2880K, reserved 1048576K
}
Event: 14.282 GC heap before
{Heap before GC invocations=20 (full 0):
 garbage-first heap   total 114688K, used 69516K [0x0000000081200000, 0x0000000100000000)
  region size 1024K, 19 young (19456K), 1 survivors (1024K)
 Metaspace       used 25070K, committed 25344K, reserved 1114112K
  class space    used 2738K, committed 2880K, reserved 1048576K
}
Event: 14.284 GC heap after
{Heap after GC invocations=21 (full 0):
 garbage-first heap   total 114688K, used 19334K [0x0000000081200000, 0x0000000100000000)
  region size 1024K, 1 young (1024K), 1 survivors (1024K)
 Metaspace       used 25070K, committed 25344K, reserved 1114112K
  class space    used 2738K, committed 2880K, reserved 1048576K
}
Event: 14.810 GC heap before
{Heap before GC invocations=21 (full 0):
 garbage-first heap   total 114688K, used 72582K [0x0000000081200000, 0x0000000100000000)
  region size 1024K, 22 young (22528K), 1 survivors (1024K)
 Metaspace       used 25079K, committed 25344K, reserved 1114112K
  class space    used 2738K, committed 2880K, reserved 1048576K
}
Event: 14.812 GC heap after
{Heap after GC invocations=22 (full 0):
 garbage-first heap   total 114688K, used 19332K [0x0000000081200000, 0x0000000100000000)
  region size 1024K, 1 young (1024K), 1 survivors (1024K)
 Metaspace       used 25079K, committed 25344K, reserved 1114112K
  class space    used 2738K, committed 2880K, reserved 1048576K
}
Event: 15.355 GC heap before
{Heap before GC invocations=22 (full 0):
 garbage-first heap   total 114688K, used 72580K [0x0000000081200000, 0x0000000100000000)
  region size 1024K, 22 young (22528K), 1 survivors (1024K)
 Metaspace       used 25097K, committed 25344K, reserved 1114112K
  class space    used 2738K, committed 2880K, reserved 1048576K
}
Event: 15.356 GC heap after
{Heap after GC invocations=23 (full 0):
 garbage-first heap   total 114688K, used 19337K [0x0000000081200000, 0x0000000100000000)
  region size 1024K, 1 young (1024K), 1 survivors (1024K)
 Metaspace       used 25097K, committed 25344K, reserved 1114112K
  class space    used 2738K, committed 2880K, reserved 1048576K
}
Event: 15.885 GC heap before
{Heap before GC invocations=23 (full 0):
 garbage-first heap   total 114688K, used 72585K [0x0000000081200000, 0x0000000100000000)
  region size 1024K, 22 young (22528K), 1 survivors (1024K)
 Metaspace       used 25108K, committed 25344K, reserved 1114112K
  class space    used 2738K, committed 2880K, reserved 1048576K
}
Event: 15.886 GC heap after
{Heap after GC invocations=24 (full 0):
 garbage-first heap   total 114688K, used 19352K [0x0000000081200000, 0x0000000100000000)
  region size 1024K, 1 young (1024K), 1 survivors (1024K)
 Metaspace       used 25108K, committed 25344K, reserved 1114112K
  class space    used 2738K, committed 2880K, reserved 1048576K
}

