# JRE version: Java(TM) SE Runtime Environment (19.0.1+10) (build 19.0.1+10-21)
# Java VM: Java HotSpot(TM) 64-Bit Server VM (19.0.1+10-21, mixed mode, sharing, tiered, compressed oops, compressed class ptrs, g1 gc, windows-amd64)
GC Precious Log:
 CardTable entry size: 512
 Card Set container configuration: InlinePtr #cards 5 size 8 Array Of Cards #cards 12 size 40 Howl #buckets 4 coarsen threshold 1843 Howl Bitmap #cards 512 size 80 coarsen threshold 460 Card regions per heap region 1 cards per card region 2048
 CPUs: 4 total, 4 available
 Memory: 8113M
 Large Page Support: Disabled
 NUMA Support: Disabled
 Compressed Oops: Enabled (32-bit)
 Heap Region Size: 1M
 Heap Min Capacity: 8M
 Heap Initial Capacity: 128M
 Heap Max Capacity: 2030M
 Pre-touch: Disabled
 Parallel Workers: 4
 Concurrent Workers: 1
 Concurrent Refinement Workers: 4
 Periodic GC: Disabled
Heap:
 garbage-first heap   total 99328K, used 94492K [0x0000000081200000, 0x0000000100000000)
  region size 1024K, 30 young (30720K), 1 survivors (1024K)
 Metaspace       used 41814K, committed 42240K, reserved 1114112K
  class space    used 4522K, committed 4736K, reserved 1048576K
GC Heap History (20 events):
Event: 530.769 GC heap before
{Heap before GC invocations=185 (full 0):
 garbage-first heap   total 122880K, used 34531K [0x0000000081200000, 0x0000000100000000)
  region size 1024K, 2 young (2048K), 1 survivors (1024K)
 Metaspace       used 41768K, committed 42176K, reserved 1114112K
  class space    used 4519K, committed 4736K, reserved 1048576K
}
Event: 530.770 GC heap after
{Heap after GC invocations=186 (full 0):
 garbage-first heap   total 122880K, used 26435K [0x0000000081200000, 0x0000000100000000)
  region size 1024K, 1 young (1024K), 1 survivors (1024K)
 Metaspace       used 41768K, committed 42176K, reserved 1114112K
  class space    used 4519K, committed 4736K, reserved 1048576K
}
Event: 531.800 GC heap before
{Heap before GC invocations=187 (full 0):
 garbage-first heap   total 108544K, used 107331K [0x0000000081200000, 0x0000000100000000)
  region size 1024K, 32 young (32768K), 1 survivors (1024K)
 Metaspace       used 41769K, committed 42176K, reserved 1114112K
  class space    used 4519K, committed 4736K, reserved 1048576K
}
Event: 531.802 GC heap after
{Heap after GC invocations=188 (full 0):
 garbage-first heap   total 109568K, used 75496K [0x0000000081200000, 0x0000000100000000)
  region size 1024K, 1 young (1024K), 1 survivors (1024K)
 Metaspace       used 41769K, committed 42176K, reserved 1114112K
  class space    used 4519K, committed 4736K, reserved 1048576K
}
Event: 531.903 GC heap before
{Heap before GC invocations=188 (full 0):
 garbage-first heap   total 109568K, used 85736K [0x0000000081200000, 0x0000000100000000)
  region size 1024K, 6 young (6144K), 1 survivors (1024K)
 Metaspace       used 41769K, committed 42176K, reserved 1114112K
  class space    used 4519K, committed 4736K, reserved 1048576K
}
Event: 531.906 GC heap after
{Heap after GC invocations=189 (full 0):
 garbage-first heap   total 109568K, used 32736K [0x0000000081200000, 0x0000000100000000)
  region size 1024K, 1 young (1024K), 1 survivors (1024K)
 Metaspace       used 41769K, committed 42176K, reserved 1114112K
  class space    used 4519K, committed 4736K, reserved 1048576K
}
Event: 531.931 GC heap before
{Heap before GC invocations=189 (full 0):
 garbage-first heap   total 109568K, used 32736K [0x0000000081200000, 0x0000000100000000)
  region size 1024K, 2 young (2048K), 1 survivors (1024K)
 Metaspace       used 41769K, committed 42176K, reserved 1114112K
  class space    used 4519K, committed 4736K, reserved 1048576K
}
Event: 531.932 GC heap after
{Heap after GC invocations=190 (full 0):
 garbage-first heap   total 132096K, used 28651K [0x0000000081200000, 0x0000000100000000)
  region size 1024K, 1 young (1024K), 1 survivors (1024K)
 Metaspace       used 41769K, committed 42176K, reserved 1114112K
  class space    used 4519K, committed 4736K, reserved 1048576K
}
Event: 533.075 GC heap before
{Heap before GC invocations=191 (full 0):
 garbage-first heap   total 126976K, used 125931K [0x0000000081200000, 0x0000000100000000)
  region size 1024K, 38 young (38912K), 1 survivors (1024K)
 Metaspace       used 41771K, committed 42176K, reserved 1114112K
  class space    used 4519K, committed 4736K, reserved 1048576K
}
Event: 533.079 GC heap after
{Heap after GC invocations=192 (full 0):
 garbage-first heap   total 128000K, used 41417K [0x0000000081200000, 0x0000000100000000)
  region size 1024K, 1 young (1024K), 1 survivors (1024K)
 Metaspace       used 41771K, committed 42176K, reserved 1114112K
  class space    used 4519K, committed 4736K, reserved 1048576K
}
Event: 533.205 GC heap before
{Heap before GC invocations=192 (full 0):
 garbage-first heap   total 128000K, used 52681K [0x0000000081200000, 0x0000000100000000)
  region size 1024K, 6 young (6144K), 1 survivors (1024K)
 Metaspace       used 41771K, committed 42176K, reserved 1114112K
  class space    used 4519K, committed 4736K, reserved 1048576K
}
Event: 533.208 GC heap after
{Heap after GC invocations=193 (full 0):
 garbage-first heap   total 128000K, used 26500K [0x0000000081200000, 0x0000000100000000)
  region size 1024K, 1 young (1024K), 1 survivors (1024K)
 Metaspace       used 41771K, committed 42176K, reserved 1114112K
  class space    used 4519K, committed 4736K, reserved 1048576K
}
Event: 533.210 GC heap before
{Heap before GC invocations=193 (full 0):
 garbage-first heap   total 128000K, used 26500K [0x0000000081200000, 0x0000000100000000)
  region size 1024K, 2 young (2048K), 1 survivors (1024K)
 Metaspace       used 41771K, committed 42176K, reserved 1114112K
  class space    used 4519K, committed 4736K, reserved 1048576K
}
Event: 533.212 GC heap after
{Heap after GC invocations=194 (full 0):
 garbage-first heap   total 128000K, used 26917K [0x0000000081200000, 0x0000000100000000)
  region size 1024K, 1 young (1024K), 1 survivors (1024K)
 Metaspace       used 41771K, committed 42176K, reserved 1114112K
  class space    used 4519K, committed 4736K, reserved 1048576K
}
Event: 533.930 GC heap before
{Heap before GC invocations=195 (full 0):
 garbage-first heap   total 106496K, used 105765K [0x0000000081200000, 0x0000000100000000)
  region size 1024K, 32 young (32768K), 1 survivors (1024K)
 Metaspace       used 41775K, committed 42176K, reserved 1114112K
  class space    used 4519K, committed 4736K, reserved 1048576K
}
Event: 533.932 GC heap after
{Heap after GC invocations=196 (full 0):
 garbage-first heap   total 107520K, used 24775K [0x0000000081200000, 0x0000000100000000)
  region size 1024K, 1 young (1024K), 1 survivors (1024K)
 Metaspace       used 41775K, committed 42176K, reserved 1114112K
  class space    used 4519K, committed 4736K, reserved 1048576K
}
Event: 534.041 GC heap before
{Heap before GC invocations=196 (full 0):
 garbage-first heap   total 107520K, used 35015K [0x0000000081200000, 0x0000000100000000)
  region size 1024K, 5 young (5120K), 1 survivors (1024K)
 Metaspace       used 41775K, committed 42176K, reserved 1114112K
  class space    used 4519K, committed 4736K, reserved 1048576K
}
Event: 534.044 GC heap after
{Heap after GC invocations=197 (full 0):
 garbage-first heap   total 107520K, used 24453K [0x0000000081200000, 0x0000000100000000)
  region size 1024K, 1 young (1024K), 1 survivors (1024K)
 Metaspace       used 41775K, committed 42176K, reserved 1114112K
  class space    used 4519K, committed 4736K, reserved 1048576K
}
Event: 534.045 GC heap before
{Heap before GC invocations=197 (full 0):
 garbage-first heap   total 107520K, used 24453K [0x0000000081200000, 0x0000000100000000)
  region size 1024K, 2 young (2048K), 1 survivors (1024K)
 Metaspace       used 41775K, committed 42176K, reserved 1114112K
  class space    used 4519K, committed 4736K, reserved 1048576K
}
Event: 534.047 GC heap after
{Heap after GC invocations=198 (full 0):
 garbage-first heap   total 107520K, used 24860K [0x0000000081200000, 0x0000000100000000)
  region size 1024K, 1 young (1024K), 1 survivors (1024K)
 Metaspace       used 41775K, committed 42176K, reserved 1114112K
  class space    used 4519K, committed 4736K, reserved 1048576K
}

