# JRE version: Java(TM) SE Runtime Environment (19.0.1+10) (build 19.0.1+10-21)
# Java VM: Java HotSpot(TM) 64-Bit Server VM (19.0.1+10-21, mixed mode, sharing, tiered, compressed oops, compressed class ptrs, g1 gc, windows-amd64)
GC Precious Log:
 CardTable entry size: 512
 Card Set container configuration: InlinePtr #cards 5 size 8 Array Of Cards #cards 12 size 40 Howl #buckets 4 coarsen threshold 1843 Howl Bitmap #cards 512 size 80 coarsen threshold 460 Card regions per heap region 1 cards per card region 2048
 CPUs: 4 total, 4 available
 Memory: 8113M
 Large Page Support: Disabled
 NUMA Support: Disabled
 Compressed Oops: Enabled (32-bit)
 Heap Region Size: 1M
 Heap Min Capacity: 8M
 Heap Initial Capacity: 128M
 Heap Max Capacity: 2030M
 Pre-touch: Disabled
 Parallel Workers: 4
 Concurrent Workers: 1
 Concurrent Refinement Workers: 4
 Periodic GC: Disabled
Heap:
 garbage-first heap   total 138240K, used 58323K [0x0000000081200000, 0x0000000100000000)
  region size 1024K, 18 young (18432K), 1 survivors (1024K)
 Metaspace       used 41205K, committed 41472K, reserved 1114112K
  class space    used 4551K, committed 4672K, reserved 1048576K
GC Heap History (20 events):
Event: 71.119 GC heap before
{Heap before GC invocations=20 (full 0):
 garbage-first heap   total 58368K, used 26311K [0x0000000081200000, 0x0000000100000000)
  region size 1024K, 3 young (3072K), 1 survivors (1024K)
 Metaspace       used 40805K, committed 41088K, reserved 1114112K
  class space    used 4529K, committed 4672K, reserved 1048576K
}
Event: 71.121 GC heap after
{Heap after GC invocations=21 (full 0):
 garbage-first heap   total 96256K, used 23241K [0x0000000081200000, 0x0000000100000000)
  region size 1024K, 1 young (1024K), 1 survivors (1024K)
 Metaspace       used 40805K, committed 41088K, reserved 1114112K
  class space    used 4529K, committed 4672K, reserved 1048576K
}
Event: 71.459 GC heap before
{Heap before GC invocations=21 (full 0):
 garbage-first heap   total 96256K, used 57033K [0x0000000081200000, 0x0000000100000000)
  region size 1024K, 15 young (15360K), 1 survivors (1024K)
 Metaspace       used 40810K, committed 41152K, reserved 1114112K
  class space    used 4529K, committed 4672K, reserved 1048576K
}
Event: 71.460 GC heap after
{Heap after GC invocations=22 (full 0):
 garbage-first heap   total 96256K, used 41700K [0x0000000081200000, 0x0000000100000000)
  region size 1024K, 1 young (1024K), 1 survivors (1024K)
 Metaspace       used 40810K, committed 41152K, reserved 1114112K
  class space    used 4529K, committed 4672K, reserved 1048576K
}
Event: 71.476 GC heap before
{Heap before GC invocations=22 (full 0):
 garbage-first heap   total 96256K, used 44772K [0x0000000081200000, 0x0000000100000000)
  region size 1024K, 3 young (3072K), 1 survivors (1024K)
 Metaspace       used 40810K, committed 41152K, reserved 1114112K
  class space    used 4529K, committed 4672K, reserved 1048576K
}
Event: 71.477 GC heap after
{Heap after GC invocations=23 (full 0):
 garbage-first heap   total 96256K, used 23266K [0x0000000081200000, 0x0000000100000000)
  region size 1024K, 1 young (1024K), 1 survivors (1024K)
 Metaspace       used 40810K, committed 41152K, reserved 1114112K
  class space    used 4529K, committed 4672K, reserved 1048576K
}
Event: 71.805 GC heap before
{Heap before GC invocations=23 (full 0):
 garbage-first heap   total 96256K, used 57058K [0x0000000081200000, 0x0000000100000000)
  region size 1024K, 15 young (15360K), 1 survivors (1024K)
 Metaspace       used 40811K, committed 41152K, reserved 1114112K
  class space    used 4529K, committed 4672K, reserved 1048576K
}
Event: 71.806 GC heap after
{Heap after GC invocations=24 (full 0):
 garbage-first heap   total 96256K, used 41695K [0x0000000081200000, 0x0000000100000000)
  region size 1024K, 1 young (1024K), 1 survivors (1024K)
 Metaspace       used 40811K, committed 41152K, reserved 1114112K
  class space    used 4529K, committed 4672K, reserved 1048576K
}
Event: 71.856 GC heap before
{Heap before GC invocations=24 (full 0):
 garbage-first heap   total 96256K, used 44767K [0x0000000081200000, 0x0000000100000000)
  region size 1024K, 3 young (3072K), 1 survivors (1024K)
 Metaspace       used 40814K, committed 41152K, reserved 1114112K
  class space    used 4529K, committed 4672K, reserved 1048576K
}
Event: 71.857 GC heap after
{Heap after GC invocations=25 (full 0):
 garbage-first heap   total 96256K, used 23261K [0x0000000081200000, 0x0000000100000000)
  region size 1024K, 1 young (1024K), 1 survivors (1024K)
 Metaspace       used 40814K, committed 41152K, reserved 1114112K
  class space    used 4529K, committed 4672K, reserved 1048576K
}
Event: 72.157 GC heap before
{Heap before GC invocations=25 (full 0):
 garbage-first heap   total 96256K, used 56029K [0x0000000081200000, 0x0000000100000000)
  region size 1024K, 15 young (15360K), 1 survivors (1024K)
 Metaspace       used 40823K, committed 41152K, reserved 1114112K
  class space    used 4529K, committed 4672K, reserved 1048576K
}
Event: 72.159 GC heap after
{Heap after GC invocations=26 (full 0):
 garbage-first heap   total 96256K, used 41702K [0x0000000081200000, 0x0000000100000000)
  region size 1024K, 1 young (1024K), 1 survivors (1024K)
 Metaspace       used 40823K, committed 41152K, reserved 1114112K
  class space    used 4529K, committed 4672K, reserved 1048576K
}
Event: 72.208 GC heap before
{Heap before GC invocations=26 (full 0):
 garbage-first heap   total 96256K, used 44774K [0x0000000081200000, 0x0000000100000000)
  region size 1024K, 3 young (3072K), 1 survivors (1024K)
 Metaspace       used 40826K, committed 41152K, reserved 1114112K
  class space    used 4529K, committed 4672K, reserved 1048576K
}
Event: 72.210 GC heap after
{Heap after GC invocations=27 (full 0):
 garbage-first heap   total 96256K, used 23272K [0x0000000081200000, 0x0000000100000000)
  region size 1024K, 1 young (1024K), 1 survivors (1024K)
 Metaspace       used 40826K, committed 41152K, reserved 1114112K
  class space    used 4529K, committed 4672K, reserved 1048576K
}
Event: 72.705 GC heap before
{Heap before GC invocations=27 (full 0):
 garbage-first heap   total 96256K, used 57064K [0x0000000081200000, 0x0000000100000000)
  region size 1024K, 16 young (16384K), 1 survivors (1024K)
 Metaspace       used 41084K, committed 41344K, reserved 1114112K
  class space    used 4541K, committed 4672K, reserved 1048576K
}
Event: 72.708 GC heap after
{Heap after GC invocations=28 (full 0):
 garbage-first heap   total 138240K, used 37835K [0x0000000081200000, 0x0000000100000000)
  region size 1024K, 1 young (1024K), 1 survivors (1024K)
 Metaspace       used 41084K, committed 41344K, reserved 1114112K
  class space    used 4541K, committed 4672K, reserved 1048576K
}
Event: 73.073 GC heap before
{Heap before GC invocations=28 (full 0):
 garbage-first heap   total 138240K, used 78795K [0x0000000081200000, 0x0000000100000000)
  region size 1024K, 18 young (18432K), 1 survivors (1024K)
 Metaspace       used 41087K, committed 41344K, reserved 1114112K
  class space    used 4541K, committed 4672K, reserved 1048576K
}
Event: 73.075 GC heap after
{Heap after GC invocations=29 (full 0):
 garbage-first heap   total 138240K, used 21769K [0x0000000081200000, 0x0000000100000000)
  region size 1024K, 1 young (1024K), 1 survivors (1024K)
 Metaspace       used 41087K, committed 41344K, reserved 1114112K
  class space    used 4541K, committed 4672K, reserved 1048576K
}
Event: 73.724 GC heap before
{Heap before GC invocations=29 (full 0):
 garbage-first heap   total 138240K, used 89353K [0x0000000081200000, 0x0000000100000000)
  region size 1024K, 28 young (28672K), 1 survivors (1024K)
 Metaspace       used 41095K, committed 41344K, reserved 1114112K
  class space    used 4541K, committed 4672K, reserved 1048576K
}
Event: 73.726 GC heap after
{Heap after GC invocations=30 (full 0):
 garbage-first heap   total 138240K, used 21459K [0x0000000081200000, 0x0000000100000000)
  region size 1024K, 1 young (1024K), 1 survivors (1024K)
 Metaspace       used 41095K, committed 41344K, reserved 1114112K
  class space    used 4541K, committed 4672K, reserved 1048576K
}

