# JRE version: Java(TM) SE Runtime Environment (19.0.1+10) (build 19.0.1+10-21)
# Java VM: Java HotSpot(TM) 64-Bit Server VM (19.0.1+10-21, mixed mode, sharing, tiered, compressed oops, compressed class ptrs, g1 gc, windows-amd64)
GC Precious Log:
 CardTable entry size: 512
 Card Set container configuration: InlinePtr #cards 5 size 8 Array Of Cards #cards 12 size 40 Howl #buckets 4 coarsen threshold 1843 Howl Bitmap #cards 512 size 80 coarsen threshold 460 Card regions per heap region 1 cards per card region 2048
 CPUs: 4 total, 4 available
 Memory: 8113M
 Large Page Support: Disabled
 NUMA Support: Disabled
 Compressed Oops: Enabled (32-bit)
 Heap Region Size: 1M
 Heap Min Capacity: 8M
 Heap Initial Capacity: 128M
 Heap Max Capacity: 2030M
 Pre-touch: Disabled
 Parallel Workers: 4
 Concurrent Workers: 1
 Concurrent Refinement Workers: 4
 Periodic GC: Disabled
Heap:
 garbage-first heap   total 65536K, used 21446K [0x0000000081200000, 0x0000000100000000)
  region size 1024K, 3 young (3072K), 1 survivors (1024K)
 Metaspace       used 45771K, committed 46144K, reserved 1114112K
  class space    used 5047K, committed 5248K, reserved 1048576K
GC Heap History (20 events):
Event: 359.563 GC heap before
{Heap before GC invocations=332 (full 0):
 garbage-first heap   total 89088K, used 24097K [0x0000000081200000, 0x0000000100000000)
  region size 1024K, 2 young (2048K), 1 survivors (1024K)
 Metaspace       used 40287K, committed 40704K, reserved 1114112K
  class space    used 4531K, committed 4736K, reserved 1048576K
}
Event: 359.564 GC heap after
{Heap after GC invocations=333 (full 0):
 garbage-first heap   total 89088K, used 19998K [0x0000000081200000, 0x0000000100000000)
  region size 1024K, 1 young (1024K), 1 survivors (1024K)
 Metaspace       used 40287K, committed 40704K, reserved 1114112K
  class space    used 4531K, committed 4736K, reserved 1048576K
}
Event: 362.506 GC heap before
{Heap before GC invocations=334 (full 0):
 garbage-first heap   total 88064K, used 86558K [0x0000000081200000, 0x0000000100000000)
  region size 1024K, 26 young (26624K), 1 survivors (1024K)
 Metaspace       used 40287K, committed 40704K, reserved 1114112K
  class space    used 4531K, committed 4736K, reserved 1048576K
}
Event: 362.507 GC heap after
{Heap after GC invocations=335 (full 0):
 garbage-first heap   total 90112K, used 58924K [0x0000000081200000, 0x0000000100000000)
  region size 1024K, 1 young (1024K), 1 survivors (1024K)
 Metaspace       used 40287K, committed 40704K, reserved 1114112K
  class space    used 4531K, committed 4736K, reserved 1048576K
}
Event: 362.844 GC heap before
{Heap before GC invocations=335 (full 0):
 garbage-first heap   total 90112K, used 66092K [0x0000000081200000, 0x0000000100000000)
  region size 1024K, 4 young (4096K), 1 survivors (1024K)
 Metaspace       used 40287K, committed 40704K, reserved 1114112K
  class space    used 4531K, committed 4736K, reserved 1048576K
}
Event: 362.846 GC heap after
{Heap after GC invocations=336 (full 0):
 garbage-first heap   total 90112K, used 24102K [0x0000000081200000, 0x0000000100000000)
  region size 1024K, 1 young (1024K), 1 survivors (1024K)
 Metaspace       used 40287K, committed 40704K, reserved 1114112K
  class space    used 4531K, committed 4736K, reserved 1048576K
}
Event: 362.998 GC heap before
{Heap before GC invocations=336 (full 0):
 garbage-first heap   total 90112K, used 24102K [0x0000000081200000, 0x0000000100000000)
  region size 1024K, 2 young (2048K), 1 survivors (1024K)
 Metaspace       used 40287K, committed 40704K, reserved 1114112K
  class space    used 4531K, committed 4736K, reserved 1048576K
}
Event: 363.000 GC heap after
{Heap after GC invocations=337 (full 0):
 garbage-first heap   total 90112K, used 20007K [0x0000000081200000, 0x0000000100000000)
  region size 1024K, 1 young (1024K), 1 survivors (1024K)
 Metaspace       used 40287K, committed 40704K, reserved 1114112K
  class space    used 4531K, committed 4736K, reserved 1048576K
}
Event: 371.615 GC heap before
{Heap before GC invocations=338 (full 0):
 garbage-first heap   total 86016K, used 83495K [0x0000000081200000, 0x0000000100000000)
  region size 1024K, 27 young (27648K), 1 survivors (1024K)
 Metaspace       used 41146K, committed 41472K, reserved 1114112K
  class space    used 4621K, committed 4800K, reserved 1048576K
}
Event: 371.617 GC heap after
{Heap after GC invocations=339 (full 0):
 garbage-first heap   total 87040K, used 56346K [0x0000000081200000, 0x0000000100000000)
  region size 1024K, 1 young (1024K), 1 survivors (1024K)
 Metaspace       used 41146K, committed 41472K, reserved 1114112K
  class space    used 4621K, committed 4800K, reserved 1048576K
}
Event: 371.869 GC heap before
{Heap before GC invocations=339 (full 0):
 garbage-first heap   total 87040K, used 58394K [0x0000000081200000, 0x0000000100000000)
  region size 1024K, 4 young (4096K), 1 survivors (1024K)
 Metaspace       used 42054K, committed 42432K, reserved 1114112K
  class space    used 4674K, committed 4864K, reserved 1048576K
}
Event: 371.873 GC heap after
{Heap after GC invocations=340 (full 0):
 garbage-first heap   total 87040K, used 19572K [0x0000000081200000, 0x0000000100000000)
  region size 1024K, 1 young (1024K), 1 survivors (1024K)
 Metaspace       used 42054K, committed 42432K, reserved 1114112K
  class space    used 4674K, committed 4864K, reserved 1048576K
}
Event: 389.274 GC heap before
{Heap before GC invocations=340 (full 0):
 garbage-first heap   total 87040K, used 67700K [0x0000000081200000, 0x0000000100000000)
  region size 1024K, 49 young (50176K), 1 survivors (1024K)
 Metaspace       used 44052K, committed 44352K, reserved 1114112K
  class space    used 4884K, committed 5056K, reserved 1048576K
}
Event: 389.276 GC heap after
{Heap after GC invocations=341 (full 0):
 garbage-first heap   total 87040K, used 20165K [0x0000000081200000, 0x0000000100000000)
  region size 1024K, 1 young (1024K), 1 survivors (1024K)
 Metaspace       used 44052K, committed 44352K, reserved 1114112K
  class space    used 4884K, committed 5056K, reserved 1048576K
}
Event: 882.200 GC heap before
{Heap before GC invocations=342 (full 0):
 garbage-first heap   total 65536K, used 59077K [0x0000000081200000, 0x0000000100000000)
  region size 1024K, 38 young (38912K), 1 survivors (1024K)
 Metaspace       used 45589K, committed 45952K, reserved 1114112K
  class space    used 4999K, committed 5184K, reserved 1048576K
}
Event: 882.203 GC heap after
{Heap after GC invocations=343 (full 0):
 garbage-first heap   total 65536K, used 21734K [0x0000000081200000, 0x0000000100000000)
  region size 1024K, 2 young (2048K), 2 survivors (2048K)
 Metaspace       used 45589K, committed 45952K, reserved 1114112K
  class space    used 4999K, committed 5184K, reserved 1048576K
}
Event: 882.918 GC heap before
{Heap before GC invocations=343 (full 0):
 garbage-first heap   total 65536K, used 22758K [0x0000000081200000, 0x0000000100000000)
  region size 1024K, 3 young (3072K), 2 survivors (2048K)
 Metaspace       used 45611K, committed 45952K, reserved 1114112K
  class space    used 4999K, committed 5184K, reserved 1048576K
}
Event: 882.922 GC heap after
{Heap after GC invocations=344 (full 0):
 garbage-first heap   total 65536K, used 21293K [0x0000000081200000, 0x0000000100000000)
  region size 1024K, 1 young (1024K), 1 survivors (1024K)
 Metaspace       used 45611K, committed 45952K, reserved 1114112K
  class space    used 4999K, committed 5184K, reserved 1048576K
}
Event: 888.577 GC heap before
{Heap before GC invocations=344 (full 0):
 garbage-first heap   total 65536K, used 32557K [0x0000000081200000, 0x0000000100000000)
  region size 1024K, 14 young (14336K), 1 survivors (1024K)
 Metaspace       used 45741K, committed 46144K, reserved 1114112K
  class space    used 5044K, committed 5248K, reserved 1048576K
}
Event: 888.579 GC heap after
{Heap after GC invocations=345 (full 0):
 garbage-first heap   total 65536K, used 21446K [0x0000000081200000, 0x0000000100000000)
  region size 1024K, 1 young (1024K), 1 survivors (1024K)
 Metaspace       used 45741K, committed 46144K, reserved 1114112K
  class space    used 5044K, committed 5248K, reserved 1048576K
}

