# JRE version: Java(TM) SE Runtime Environment (19.0.1+10) (build 19.0.1+10-21)
# Java VM: Java HotSpot(TM) 64-Bit Server VM (19.0.1+10-21, mixed mode, sharing, tiered, compressed oops, compressed class ptrs, g1 gc, windows-amd64)
GC Precious Log:
 CardTable entry size: 512
 Card Set container configuration: InlinePtr #cards 5 size 8 Array Of Cards #cards 12 size 40 Howl #buckets 4 coarsen threshold 1843 Howl Bitmap #cards 512 size 80 coarsen threshold 460 Card regions per heap region 1 cards per card region 2048
 CPUs: 4 total, 4 available
 Memory: 8113M
 Large Page Support: Disabled
 NUMA Support: Disabled
 Compressed Oops: Enabled (32-bit)
 Heap Region Size: 1M
 Heap Min Capacity: 8M
 Heap Initial Capacity: 128M
 Heap Max Capacity: 2030M
 Pre-touch: Disabled
 Parallel Workers: 4
 Concurrent Workers: 1
 Concurrent Refinement Workers: 4
 Periodic GC: Disabled
Heap:
 garbage-first heap   total 228352K, used 164869K [0x0000000081200000, 0x0000000100000000)
  region size 1024K, 64 young (65536K), 2 survivors (2048K)
 Metaspace       used 40261K, committed 40576K, reserved 1114112K
  class space    used 4479K, committed 4608K, reserved 1048576K
GC Heap History (20 events):
Event: 13.156 GC heap before
{Heap before GC invocations=15 (full 0):
 garbage-first heap   total 48128K, used 25049K [0x0000000081200000, 0x0000000100000000)
  region size 1024K, 4 young (4096K), 2 survivors (2048K)
 Metaspace       used 38816K, committed 39104K, reserved 1114112K
  class space    used 4434K, committed 4608K, reserved 1048576K
}
Event: 13.158 GC heap after
{Heap after GC invocations=16 (full 0):
 garbage-first heap   total 48128K, used 22972K [0x0000000081200000, 0x0000000100000000)
  region size 1024K, 2 young (2048K), 2 survivors (2048K)
 Metaspace       used 38816K, committed 39104K, reserved 1114112K
  class space    used 4434K, committed 4608K, reserved 1048576K
}
Event: 13.189 GC heap before
{Heap before GC invocations=17 (full 0):
 garbage-first heap   total 48128K, used 26044K [0x0000000081200000, 0x0000000100000000)
  region size 1024K, 4 young (4096K), 2 survivors (2048K)
 Metaspace       used 38816K, committed 39104K, reserved 1114112K
  class space    used 4434K, committed 4608K, reserved 1048576K
}
Event: 13.191 GC heap after
{Heap after GC invocations=18 (full 0):
 garbage-first heap   total 48128K, used 23149K [0x0000000081200000, 0x0000000100000000)
  region size 1024K, 2 young (2048K), 2 survivors (2048K)
 Metaspace       used 38816K, committed 39104K, reserved 1114112K
  class space    used 4434K, committed 4608K, reserved 1048576K
}
Event: 13.221 GC heap before
{Heap before GC invocations=19 (full 0):
 garbage-first heap   total 48128K, used 26221K [0x0000000081200000, 0x0000000100000000)
  region size 1024K, 4 young (4096K), 2 survivors (2048K)
 Metaspace       used 38816K, committed 39104K, reserved 1114112K
  class space    used 4434K, committed 4608K, reserved 1048576K
}
Event: 13.223 GC heap after
{Heap after GC invocations=20 (full 0):
 garbage-first heap   total 96256K, used 23136K [0x0000000081200000, 0x0000000100000000)
  region size 1024K, 2 young (2048K), 2 survivors (2048K)
 Metaspace       used 38816K, committed 39104K, reserved 1114112K
  class space    used 4434K, committed 4608K, reserved 1048576K
}
Event: 13.573 GC heap before
{Heap before GC invocations=20 (full 0):
 garbage-first heap   total 96256K, used 55904K [0x0000000081200000, 0x0000000100000000)
  region size 1024K, 16 young (16384K), 2 survivors (2048K)
 Metaspace       used 38838K, committed 39168K, reserved 1114112K
  class space    used 4434K, committed 4608K, reserved 1048576K
}
Event: 13.575 GC heap after
{Heap after GC invocations=21 (full 0):
 garbage-first heap   total 96256K, used 41449K [0x0000000081200000, 0x0000000100000000)
  region size 1024K, 2 young (2048K), 2 survivors (2048K)
 Metaspace       used 38838K, committed 39168K, reserved 1114112K
  class space    used 4434K, committed 4608K, reserved 1048576K
}
Event: 13.637 GC heap before
{Heap before GC invocations=21 (full 0):
 garbage-first heap   total 96256K, used 44521K [0x0000000081200000, 0x0000000100000000)
  region size 1024K, 4 young (4096K), 2 survivors (2048K)
 Metaspace       used 38838K, committed 39168K, reserved 1114112K
  class space    used 4434K, committed 4608K, reserved 1048576K
}
Event: 13.639 GC heap after
{Heap after GC invocations=22 (full 0):
 garbage-first heap   total 96256K, used 23177K [0x0000000081200000, 0x0000000100000000)
  region size 1024K, 2 young (2048K), 2 survivors (2048K)
 Metaspace       used 38838K, committed 39168K, reserved 1114112K
  class space    used 4434K, committed 4608K, reserved 1048576K
}
Event: 13.959 GC heap before
{Heap before GC invocations=22 (full 0):
 garbage-first heap   total 96256K, used 55945K [0x0000000081200000, 0x0000000100000000)
  region size 1024K, 16 young (16384K), 2 survivors (2048K)
 Metaspace       used 38871K, committed 39168K, reserved 1114112K
  class space    used 4434K, committed 4608K, reserved 1048576K
}
Event: 13.961 GC heap after
{Heap after GC invocations=23 (full 0):
 garbage-first heap   total 96256K, used 41479K [0x0000000081200000, 0x0000000100000000)
  region size 1024K, 2 young (2048K), 2 survivors (2048K)
 Metaspace       used 38871K, committed 39168K, reserved 1114112K
  class space    used 4434K, committed 4608K, reserved 1048576K
}
Event: 14.005 GC heap before
{Heap before GC invocations=23 (full 0):
 garbage-first heap   total 96256K, used 45575K [0x0000000081200000, 0x0000000100000000)
  region size 1024K, 5 young (5120K), 2 survivors (2048K)
 Metaspace       used 38872K, committed 39168K, reserved 1114112K
  class space    used 4434K, committed 4608K, reserved 1048576K
}
Event: 14.006 GC heap after
{Heap after GC invocations=24 (full 0):
 garbage-first heap   total 96256K, used 23103K [0x0000000081200000, 0x0000000100000000)
  region size 1024K, 2 young (2048K), 2 survivors (2048K)
 Metaspace       used 38872K, committed 39168K, reserved 1114112K
  class space    used 4434K, committed 4608K, reserved 1048576K
}
Event: 14.305 GC heap before
{Heap before GC invocations=24 (full 0):
 garbage-first heap   total 96256K, used 56895K [0x0000000081200000, 0x0000000100000000)
  region size 1024K, 16 young (16384K), 2 survivors (2048K)
 Metaspace       used 38892K, committed 39232K, reserved 1114112K
  class space    used 4434K, committed 4608K, reserved 1048576K
}
Event: 14.307 GC heap after
{Heap after GC invocations=25 (full 0):
 garbage-first heap   total 96256K, used 41608K [0x0000000081200000, 0x0000000100000000)
  region size 1024K, 2 young (2048K), 2 survivors (2048K)
 Metaspace       used 38892K, committed 39232K, reserved 1114112K
  class space    used 4434K, committed 4608K, reserved 1048576K
}
Event: 14.356 GC heap before
{Heap before GC invocations=25 (full 0):
 garbage-first heap   total 96256K, used 44680K [0x0000000081200000, 0x0000000100000000)
  region size 1024K, 4 young (4096K), 2 survivors (2048K)
 Metaspace       used 38892K, committed 39232K, reserved 1114112K
  class space    used 4434K, committed 4608K, reserved 1048576K
}
Event: 14.359 GC heap after
{Heap after GC invocations=26 (full 0):
 garbage-first heap   total 96256K, used 23138K [0x0000000081200000, 0x0000000100000000)
  region size 1024K, 2 young (2048K), 2 survivors (2048K)
 Metaspace       used 38892K, committed 39232K, reserved 1114112K
  class space    used 4434K, committed 4608K, reserved 1048576K
}
Event: 14.902 GC heap before
{Heap before GC invocations=26 (full 0):
 garbage-first heap   total 96256K, used 56930K [0x0000000081200000, 0x0000000100000000)
  region size 1024K, 17 young (17408K), 2 survivors (2048K)
 Metaspace       used 39183K, committed 39488K, reserved 1114112K
  class space    used 4445K, committed 4608K, reserved 1048576K
}
Event: 14.905 GC heap after
{Heap after GC invocations=27 (full 0):
 garbage-first heap   total 228352K, used 27653K [0x0000000081200000, 0x0000000100000000)
  region size 1024K, 2 young (2048K), 2 survivors (2048K)
 Metaspace       used 39183K, committed 39488K, reserved 1114112K
  class space    used 4445K, committed 4608K, reserved 1048576K
}

