# JRE version: Java(TM) SE Runtime Environment (19.0.1+10) (build 19.0.1+10-21)
# Java VM: Java HotSpot(TM) 64-Bit Server VM (19.0.1+10-21, mixed mode, sharing, tiered, compressed oops, compressed class ptrs, g1 gc, windows-amd64)
GC Precious Log:
 CardTable entry size: 512
 Card Set container configuration: InlinePtr #cards 5 size 8 Array Of Cards #cards 12 size 40 Howl #buckets 4 coarsen threshold 1843 Howl Bitmap #cards 512 size 80 coarsen threshold 460 Card regions per heap region 1 cards per card region 2048
 CPUs: 4 total, 4 available
 Memory: 8113M
 Large Page Support: Disabled
 NUMA Support: Disabled
 Compressed Oops: Enabled (32-bit)
 Heap Region Size: 1M
 Heap Min Capacity: 8M
 Heap Initial Capacity: 128M
 Heap Max Capacity: 2030M
 Pre-touch: Disabled
 Parallel Workers: 4
 Concurrent Workers: 1
 Concurrent Refinement Workers: 4
 Periodic GC: Disabled
Heap:
 garbage-first heap   total 195584K, used 97715K [0x0000000081200000, 0x0000000100000000)
  region size 1024K, 12 young (12288K), 1 survivors (1024K)
 Metaspace       used 26128K, committed 26432K, reserved 1114112K
  class space    used 2832K, committed 3008K, reserved 1048576K
GC Heap History (20 events):
Event: 92.075 GC heap before
{Heap before GC invocations=51 (full 0):
 garbage-first heap   total 195584K, used 94631K [0x0000000081200000, 0x0000000100000000)
  region size 1024K, 9 young (9216K), 1 survivors (1024K)
 Metaspace       used 26097K, committed 26432K, reserved 1114112K
  class space    used 2830K, committed 3008K, reserved 1048576K
}
Event: 92.076 GC heap after
{Heap after GC invocations=52 (full 0):
 garbage-first heap   total 195584K, used 34210K [0x0000000081200000, 0x0000000100000000)
  region size 1024K, 1 young (1024K), 1 survivors (1024K)
 Metaspace       used 26097K, committed 26432K, reserved 1114112K
  class space    used 2830K, committed 3008K, reserved 1048576K
}
Event: 95.186 GC heap before
{Heap before GC invocations=52 (full 0):
 garbage-first heap   total 195584K, used 121250K [0x0000000081200000, 0x0000000100000000)
  region size 1024K, 35 young (35840K), 1 survivors (1024K)
 Metaspace       used 26097K, committed 26432K, reserved 1114112K
  class space    used 2830K, committed 3008K, reserved 1048576K
}
Event: 95.188 GC heap after
{Heap after GC invocations=53 (full 0):
 garbage-first heap   total 195584K, used 75178K [0x0000000081200000, 0x0000000100000000)
  region size 1024K, 1 young (1024K), 1 survivors (1024K)
 Metaspace       used 26097K, committed 26432K, reserved 1114112K
  class space    used 2830K, committed 3008K, reserved 1048576K
}
Event: 95.908 GC heap before
{Heap before GC invocations=53 (full 0):
 garbage-first heap   total 195584K, used 94634K [0x0000000081200000, 0x0000000100000000)
  region size 1024K, 9 young (9216K), 1 survivors (1024K)
 Metaspace       used 26097K, committed 26432K, reserved 1114112K
  class space    used 2830K, committed 3008K, reserved 1048576K
}
Event: 95.909 GC heap after
{Heap after GC invocations=54 (full 0):
 garbage-first heap   total 195584K, used 34210K [0x0000000081200000, 0x0000000100000000)
  region size 1024K, 1 young (1024K), 1 survivors (1024K)
 Metaspace       used 26097K, committed 26432K, reserved 1114112K
  class space    used 2830K, committed 3008K, reserved 1048576K
}
Event: 98.953 GC heap before
{Heap before GC invocations=54 (full 0):
 garbage-first heap   total 195584K, used 121250K [0x0000000081200000, 0x0000000100000000)
  region size 1024K, 35 young (35840K), 1 survivors (1024K)
 Metaspace       used 26099K, committed 26432K, reserved 1114112K
  class space    used 2830K, committed 3008K, reserved 1048576K
}
Event: 98.954 GC heap after
{Heap after GC invocations=55 (full 0):
 garbage-first heap   total 195584K, used 75173K [0x0000000081200000, 0x0000000100000000)
  region size 1024K, 1 young (1024K), 1 survivors (1024K)
 Metaspace       used 26099K, committed 26432K, reserved 1114112K
  class space    used 2830K, committed 3008K, reserved 1048576K
}
Event: 99.641 GC heap before
{Heap before GC invocations=55 (full 0):
 garbage-first heap   total 195584K, used 94629K [0x0000000081200000, 0x0000000100000000)
  region size 1024K, 9 young (9216K), 1 survivors (1024K)
 Metaspace       used 26100K, committed 26432K, reserved 1114112K
  class space    used 2830K, committed 3008K, reserved 1048576K
}
Event: 99.642 GC heap after
{Heap after GC invocations=56 (full 0):
 garbage-first heap   total 195584K, used 34209K [0x0000000081200000, 0x0000000100000000)
  region size 1024K, 1 young (1024K), 1 survivors (1024K)
 Metaspace       used 26100K, committed 26432K, reserved 1114112K
  class space    used 2830K, committed 3008K, reserved 1048576K
}
Event: 102.714 GC heap before
{Heap before GC invocations=56 (full 0):
 garbage-first heap   total 195584K, used 121249K [0x0000000081200000, 0x0000000100000000)
  region size 1024K, 35 young (35840K), 1 survivors (1024K)
 Metaspace       used 26100K, committed 26432K, reserved 1114112K
  class space    used 2830K, committed 3008K, reserved 1048576K
}
Event: 102.715 GC heap after
{Heap after GC invocations=57 (full 0):
 garbage-first heap   total 195584K, used 75182K [0x0000000081200000, 0x0000000100000000)
  region size 1024K, 1 young (1024K), 1 survivors (1024K)
 Metaspace       used 26100K, committed 26432K, reserved 1114112K
  class space    used 2830K, committed 3008K, reserved 1048576K
}
Event: 103.497 GC heap before
{Heap before GC invocations=57 (full 0):
 garbage-first heap   total 195584K, used 94638K [0x0000000081200000, 0x0000000100000000)
  region size 1024K, 9 young (9216K), 1 survivors (1024K)
 Metaspace       used 26100K, committed 26432K, reserved 1114112K
  class space    used 2830K, committed 3008K, reserved 1048576K
}
Event: 103.498 GC heap after
{Heap after GC invocations=58 (full 0):
 garbage-first heap   total 195584K, used 34217K [0x0000000081200000, 0x0000000100000000)
  region size 1024K, 1 young (1024K), 1 survivors (1024K)
 Metaspace       used 26100K, committed 26432K, reserved 1114112K
  class space    used 2830K, committed 3008K, reserved 1048576K
}
Event: 106.604 GC heap before
{Heap before GC invocations=58 (full 0):
 garbage-first heap   total 195584K, used 121257K [0x0000000081200000, 0x0000000100000000)
  region size 1024K, 35 young (35840K), 1 survivors (1024K)
 Metaspace       used 26100K, committed 26432K, reserved 1114112K
  class space    used 2830K, committed 3008K, reserved 1048576K
}
Event: 106.605 GC heap after
{Heap after GC invocations=59 (full 0):
 garbage-first heap   total 195584K, used 75185K [0x0000000081200000, 0x0000000100000000)
  region size 1024K, 1 young (1024K), 1 survivors (1024K)
 Metaspace       used 26100K, committed 26432K, reserved 1114112K
  class space    used 2830K, committed 3008K, reserved 1048576K
}
Event: 107.371 GC heap before
{Heap before GC invocations=59 (full 0):
 garbage-first heap   total 195584K, used 94641K [0x0000000081200000, 0x0000000100000000)
  region size 1024K, 9 young (9216K), 1 survivors (1024K)
 Metaspace       used 26100K, committed 26432K, reserved 1114112K
  class space    used 2830K, committed 3008K, reserved 1048576K
}
Event: 107.373 GC heap after
{Heap after GC invocations=60 (full 0):
 garbage-first heap   total 195584K, used 34220K [0x0000000081200000, 0x0000000100000000)
  region size 1024K, 1 young (1024K), 1 survivors (1024K)
 Metaspace       used 26100K, committed 26432K, reserved 1114112K
  class space    used 2830K, committed 3008K, reserved 1048576K
}
Event: 110.608 GC heap before
{Heap before GC invocations=60 (full 0):
 garbage-first heap   total 195584K, used 121260K [0x0000000081200000, 0x0000000100000000)
  region size 1024K, 35 young (35840K), 1 survivors (1024K)
 Metaspace       used 26100K, committed 26432K, reserved 1114112K
  class space    used 2830K, committed 3008K, reserved 1048576K
}
Event: 110.609 GC heap after
{Heap after GC invocations=61 (full 0):
 garbage-first heap   total 195584K, used 75187K [0x0000000081200000, 0x0000000100000000)
  region size 1024K, 1 young (1024K), 1 survivors (1024K)
 Metaspace       used 26100K, committed 26432K, reserved 1114112K
  class space    used 2830K, committed 3008K, reserved 1048576K
}

