# JRE version: Java(TM) SE Runtime Environment (19.0.1+10) (build 19.0.1+10-21)
# Java VM: Java HotSpot(TM) 64-Bit Server VM (19.0.1+10-21, mixed mode, sharing, tiered, compressed oops, compressed class ptrs, g1 gc, windows-amd64)
GC Precious Log:
 CardTable entry size: 512
 Card Set container configuration: InlinePtr #cards 5 size 8 Array Of Cards #cards 12 size 40 Howl #buckets 4 coarsen threshold 1843 Howl Bitmap #cards 512 size 80 coarsen threshold 460 Card regions per heap region 1 cards per card region 2048
 CPUs: 4 total, 4 available
 Memory: 8113M
 Large Page Support: Disabled
 NUMA Support: Disabled
 Compressed Oops: Enabled (32-bit)
 Heap Region Size: 1M
 Heap Min Capacity: 8M
 Heap Initial Capacity: 128M
 Heap Max Capacity: 2030M
 Pre-touch: Disabled
 Parallel Workers: 4
 Concurrent Workers: 1
 Concurrent Refinement Workers: 4
 Periodic GC: Disabled
Heap:
 garbage-first heap   total 162816K, used 103314K [0x0000000081200000, 0x0000000100000000)
  region size 1024K, 34 young (34816K), 1 survivors (1024K)
 Metaspace       used 25368K, committed 25600K, reserved 1114112K
  class space    used 2738K, committed 2880K, reserved 1048576K
GC Heap History (20 events):
Event: 14.863 GC heap before
{Heap before GC invocations=21 (full 0):
 garbage-first heap   total 162816K, used 91829K [0x0000000081200000, 0x0000000100000000)
  region size 1024K, 21 young (21504K), 1 survivors (1024K)
 Metaspace       used 24919K, committed 25216K, reserved 1114112K
  class space    used 2726K, committed 2880K, reserved 1048576K
}
Event: 14.864 GC heap after
{Heap after GC invocations=22 (full 0):
 garbage-first heap   total 162816K, used 51905K [0x0000000081200000, 0x0000000100000000)
  region size 1024K, 1 young (1024K), 1 survivors (1024K)
 Metaspace       used 24919K, committed 25216K, reserved 1114112K
  class space    used 2726K, committed 2880K, reserved 1048576K
}
Event: 15.198 GC heap before
{Heap before GC invocations=22 (full 0):
 garbage-first heap   total 162816K, used 84673K [0x0000000081200000, 0x0000000100000000)
  region size 1024K, 14 young (14336K), 1 survivors (1024K)
 Metaspace       used 24924K, committed 25216K, reserved 1114112K
  class space    used 2726K, committed 2880K, reserved 1048576K
}
Event: 15.200 GC heap after
{Heap after GC invocations=23 (full 0):
 garbage-first heap   total 162816K, used 41675K [0x0000000081200000, 0x0000000100000000)
  region size 1024K, 1 young (1024K), 1 survivors (1024K)
 Metaspace       used 24924K, committed 25216K, reserved 1114112K
  class space    used 2726K, committed 2880K, reserved 1048576K
}
Event: 16.227 GC heap before
{Heap before GC invocations=23 (full 0):
 garbage-first heap   total 162816K, used 91851K [0x0000000081200000, 0x0000000100000000)
  region size 1024K, 22 young (22528K), 1 survivors (1024K)
 Metaspace       used 25148K, committed 25408K, reserved 1114112K
  class space    used 2736K, committed 2880K, reserved 1048576K
}
Event: 16.228 GC heap after
{Heap after GC invocations=24 (full 0):
 garbage-first heap   total 162816K, used 27834K [0x0000000081200000, 0x0000000100000000)
  region size 1024K, 1 young (1024K), 1 survivors (1024K)
 Metaspace       used 25148K, committed 25408K, reserved 1114112K
  class space    used 2736K, committed 2880K, reserved 1048576K
}
Event: 16.927 GC heap before
{Heap before GC invocations=24 (full 0):
 garbage-first heap   total 162816K, used 102586K [0x0000000081200000, 0x0000000100000000)
  region size 1024K, 31 young (31744K), 1 survivors (1024K)
 Metaspace       used 25202K, committed 25472K, reserved 1114112K
  class space    used 2736K, committed 2880K, reserved 1048576K
}
Event: 16.928 GC heap after
{Heap after GC invocations=25 (full 0):
 garbage-first heap   total 162816K, used 21380K [0x0000000081200000, 0x0000000100000000)
  region size 1024K, 1 young (1024K), 1 survivors (1024K)
 Metaspace       used 25202K, committed 25472K, reserved 1114112K
  class space    used 2736K, committed 2880K, reserved 1048576K
}
Event: 17.764 GC heap before
{Heap before GC invocations=25 (full 0):
 garbage-first heap   total 162816K, used 105348K [0x0000000081200000, 0x0000000100000000)
  region size 1024K, 34 young (34816K), 1 survivors (1024K)
 Metaspace       used 25254K, committed 25536K, reserved 1114112K
  class space    used 2736K, committed 2880K, reserved 1048576K
}
Event: 17.765 GC heap after
{Heap after GC invocations=26 (full 0):
 garbage-first heap   total 162816K, used 21382K [0x0000000081200000, 0x0000000100000000)
  region size 1024K, 1 young (1024K), 1 survivors (1024K)
 Metaspace       used 25254K, committed 25536K, reserved 1114112K
  class space    used 2736K, committed 2880K, reserved 1048576K
}
Event: 18.626 GC heap before
{Heap before GC invocations=26 (full 0):
 garbage-first heap   total 162816K, used 105350K [0x0000000081200000, 0x0000000100000000)
  region size 1024K, 34 young (34816K), 1 survivors (1024K)
 Metaspace       used 25277K, committed 25536K, reserved 1114112K
  class space    used 2736K, committed 2880K, reserved 1048576K
}
Event: 18.627 GC heap after
{Heap after GC invocations=27 (full 0):
 garbage-first heap   total 162816K, used 21380K [0x0000000081200000, 0x0000000100000000)
  region size 1024K, 1 young (1024K), 1 survivors (1024K)
 Metaspace       used 25277K, committed 25536K, reserved 1114112K
  class space    used 2736K, committed 2880K, reserved 1048576K
}
Event: 19.468 GC heap before
{Heap before GC invocations=27 (full 0):
 garbage-first heap   total 162816K, used 105348K [0x0000000081200000, 0x0000000100000000)
  region size 1024K, 34 young (34816K), 1 survivors (1024K)
 Metaspace       used 25304K, committed 25536K, reserved 1114112K
  class space    used 2736K, committed 2880K, reserved 1048576K
}
Event: 19.470 GC heap after
{Heap after GC invocations=28 (full 0):
 garbage-first heap   total 162816K, used 21382K [0x0000000081200000, 0x0000000100000000)
  region size 1024K, 1 young (1024K), 1 survivors (1024K)
 Metaspace       used 25304K, committed 25536K, reserved 1114112K
  class space    used 2736K, committed 2880K, reserved 1048576K
}
Event: 20.295 GC heap before
{Heap before GC invocations=28 (full 0):
 garbage-first heap   total 162816K, used 105350K [0x0000000081200000, 0x0000000100000000)
  region size 1024K, 34 young (34816K), 1 survivors (1024K)
 Metaspace       used 25320K, committed 25600K, reserved 1114112K
  class space    used 2736K, committed 2880K, reserved 1048576K
}
Event: 20.297 GC heap after
{Heap after GC invocations=29 (full 0):
 garbage-first heap   total 162816K, used 21393K [0x0000000081200000, 0x0000000100000000)
  region size 1024K, 1 young (1024K), 1 survivors (1024K)
 Metaspace       used 25320K, committed 25600K, reserved 1114112K
  class space    used 2736K, committed 2880K, reserved 1048576K
}
Event: 21.120 GC heap before
{Heap before GC invocations=29 (full 0):
 garbage-first heap   total 162816K, used 105361K [0x0000000081200000, 0x0000000100000000)
  region size 1024K, 34 young (34816K), 1 survivors (1024K)
 Metaspace       used 25334K, committed 25600K, reserved 1114112K
  class space    used 2736K, committed 2880K, reserved 1048576K
}
Event: 21.121 GC heap after
{Heap after GC invocations=30 (full 0):
 garbage-first heap   total 162816K, used 70709K [0x0000000081200000, 0x0000000100000000)
  region size 1024K, 1 young (1024K), 1 survivors (1024K)
 Metaspace       used 25334K, committed 25600K, reserved 1114112K
  class space    used 2736K, committed 2880K, reserved 1048576K
}
Event: 21.167 GC heap before
{Heap before GC invocations=30 (full 0):
 garbage-first heap   total 162816K, used 74805K [0x0000000081200000, 0x0000000100000000)
  region size 1024K, 4 young (4096K), 1 survivors (1024K)
 Metaspace       used 25334K, committed 25600K, reserved 1114112K
  class space    used 2736K, committed 2880K, reserved 1048576K
}
Event: 21.169 GC heap after
{Heap after GC invocations=31 (full 0):
 garbage-first heap   total 162816K, used 23442K [0x0000000081200000, 0x0000000100000000)
  region size 1024K, 1 young (1024K), 1 survivors (1024K)
 Metaspace       used 25334K, committed 25600K, reserved 1114112K
  class space    used 2736K, committed 2880K, reserved 1048576K
}

