# JRE version: Java(TM) SE Runtime Environment (19.0.1+10) (build 19.0.1+10-21)
# Java VM: Java HotSpot(TM) 64-Bit Server VM (19.0.1+10-21, mixed mode, sharing, tiered, compressed oops, compressed class ptrs, g1 gc, windows-amd64)
GC Precious Log:
 CardTable entry size: 512
 Card Set container configuration: InlinePtr #cards 5 size 8 Array Of Cards #cards 12 size 40 Howl #buckets 4 coarsen threshold 1843 Howl Bitmap #cards 512 size 80 coarsen threshold 460 Card regions per heap region 1 cards per card region 2048
 CPUs: 4 total, 4 available
 Memory: 8113M
 Large Page Support: Disabled
 NUMA Support: Disabled
 Compressed Oops: Enabled (32-bit)
 Heap Region Size: 1M
 Heap Min Capacity: 8M
 Heap Initial Capacity: 128M
 Heap Max Capacity: 2030M
 Pre-touch: Disabled
 Parallel Workers: 4
 Concurrent Workers: 1
 Concurrent Refinement Workers: 4
 Periodic GC: Disabled
Heap:
 garbage-first heap   total 210944K, used 124504K [0x0000000081200000, 0x0000000100000000)
  region size 1024K, 43 young (44032K), 1 survivors (1024K)
 Metaspace       used 39467K, committed 39744K, reserved 1114112K
  class space    used 4457K, committed 4608K, reserved 1048576K
GC Heap History (20 events):
Event: 19.425 GC heap before
{Heap before GC invocations=20 (full 0):
 garbage-first heap   total 105472K, used 61778K [0x0000000081200000, 0x0000000100000000)
  region size 1024K, 17 young (17408K), 1 survivors (1024K)
 Metaspace       used 38906K, committed 39232K, reserved 1114112K
  class space    used 4436K, committed 4608K, reserved 1048576K
}
Event: 19.428 GC heap after
{Heap after GC invocations=21 (full 0):
 garbage-first heap   total 105472K, used 45405K [0x0000000081200000, 0x0000000100000000)
  region size 1024K, 1 young (1024K), 1 survivors (1024K)
 Metaspace       used 38906K, committed 39232K, reserved 1114112K
  class space    used 4436K, committed 4608K, reserved 1048576K
}
Event: 19.459 GC heap before
{Heap before GC invocations=21 (full 0):
 garbage-first heap   total 105472K, used 48477K [0x0000000081200000, 0x0000000100000000)
  region size 1024K, 3 young (3072K), 1 survivors (1024K)
 Metaspace       used 38906K, committed 39232K, reserved 1114112K
  class space    used 4436K, committed 4608K, reserved 1048576K
}
Event: 19.461 GC heap after
{Heap after GC invocations=22 (full 0):
 garbage-first heap   total 105472K, used 22877K [0x0000000081200000, 0x0000000100000000)
  region size 1024K, 1 young (1024K), 1 survivors (1024K)
 Metaspace       used 38906K, committed 39232K, reserved 1114112K
  class space    used 4436K, committed 4608K, reserved 1048576K
}
Event: 19.872 GC heap before
{Heap before GC invocations=22 (full 0):
 garbage-first heap   total 105472K, used 63837K [0x0000000081200000, 0x0000000100000000)
  region size 1024K, 18 young (18432K), 1 survivors (1024K)
 Metaspace       used 38926K, committed 39232K, reserved 1114112K
  class space    used 4436K, committed 4608K, reserved 1048576K
}
Event: 19.875 GC heap after
{Heap after GC invocations=23 (full 0):
 garbage-first heap   total 105472K, used 45408K [0x0000000081200000, 0x0000000100000000)
  region size 1024K, 1 young (1024K), 1 survivors (1024K)
 Metaspace       used 38926K, committed 39232K, reserved 1114112K
  class space    used 4436K, committed 4608K, reserved 1048576K
}
Event: 19.906 GC heap before
{Heap before GC invocations=23 (full 0):
 garbage-first heap   total 105472K, used 48480K [0x0000000081200000, 0x0000000100000000)
  region size 1024K, 3 young (3072K), 1 survivors (1024K)
 Metaspace       used 38926K, committed 39232K, reserved 1114112K
  class space    used 4436K, committed 4608K, reserved 1048576K
}
Event: 19.909 GC heap after
{Heap after GC invocations=24 (full 0):
 garbage-first heap   total 105472K, used 22877K [0x0000000081200000, 0x0000000100000000)
  region size 1024K, 1 young (1024K), 1 survivors (1024K)
 Metaspace       used 38926K, committed 39232K, reserved 1114112K
  class space    used 4436K, committed 4608K, reserved 1048576K
}
Event: 20.284 GC heap before
{Heap before GC invocations=24 (full 0):
 garbage-first heap   total 105472K, used 62813K [0x0000000081200000, 0x0000000100000000)
  region size 1024K, 18 young (18432K), 1 survivors (1024K)
 Metaspace       used 38948K, committed 39232K, reserved 1114112K
  class space    used 4436K, committed 4608K, reserved 1048576K
}
Event: 20.286 GC heap after
{Heap after GC invocations=25 (full 0):
 garbage-first heap   total 105472K, used 45404K [0x0000000081200000, 0x0000000100000000)
  region size 1024K, 1 young (1024K), 1 survivors (1024K)
 Metaspace       used 38948K, committed 39232K, reserved 1114112K
  class space    used 4436K, committed 4608K, reserved 1048576K
}
Event: 20.312 GC heap before
{Heap before GC invocations=25 (full 0):
 garbage-first heap   total 105472K, used 49500K [0x0000000081200000, 0x0000000100000000)
  region size 1024K, 4 young (4096K), 1 survivors (1024K)
 Metaspace       used 38950K, committed 39296K, reserved 1114112K
  class space    used 4436K, committed 4608K, reserved 1048576K
}
Event: 20.313 GC heap after
{Heap after GC invocations=26 (full 0):
 garbage-first heap   total 105472K, used 22876K [0x0000000081200000, 0x0000000100000000)
  region size 1024K, 1 young (1024K), 1 survivors (1024K)
 Metaspace       used 38950K, committed 39296K, reserved 1114112K
  class space    used 4436K, committed 4608K, reserved 1048576K
}
Event: 20.712 GC heap before
{Heap before GC invocations=26 (full 0):
 garbage-first heap   total 105472K, used 62812K [0x0000000081200000, 0x0000000100000000)
  region size 1024K, 18 young (18432K), 1 survivors (1024K)
 Metaspace       used 39017K, committed 39360K, reserved 1114112K
  class space    used 4436K, committed 4608K, reserved 1048576K
}
Event: 20.715 GC heap after
{Heap after GC invocations=27 (full 0):
 garbage-first heap   total 210944K, used 45410K [0x0000000081200000, 0x0000000100000000)
  region size 1024K, 1 young (1024K), 1 survivors (1024K)
 Metaspace       used 39017K, committed 39360K, reserved 1114112K
  class space    used 4436K, committed 4608K, reserved 1048576K
}
Event: 21.603 GC heap before
{Heap before GC invocations=27 (full 0):
 garbage-first heap   total 210944K, used 126306K [0x0000000081200000, 0x0000000100000000)
  region size 1024K, 33 young (33792K), 1 survivors (1024K)
 Metaspace       used 39067K, committed 39360K, reserved 1114112K
  class space    used 4436K, committed 4608K, reserved 1048576K
}
Event: 21.606 GC heap after
{Heap after GC invocations=28 (full 0):
 garbage-first heap   total 210944K, used 70018K [0x0000000081200000, 0x0000000100000000)
  region size 1024K, 1 young (1024K), 1 survivors (1024K)
 Metaspace       used 39067K, committed 39360K, reserved 1114112K
  class space    used 4436K, committed 4608K, reserved 1048576K
}
Event: 22.105 GC heap before
{Heap before GC invocations=28 (full 0):
 garbage-first heap   total 210944K, used 112002K [0x0000000081200000, 0x0000000100000000)
  region size 1024K, 20 young (20480K), 1 survivors (1024K)
 Metaspace       used 39357K, committed 39680K, reserved 1114112K
  class space    used 4447K, committed 4608K, reserved 1048576K
}
Event: 22.106 GC heap after
{Heap after GC invocations=29 (full 0):
 garbage-first heap   total 210944K, used 35406K [0x0000000081200000, 0x0000000100000000)
  region size 1024K, 1 young (1024K), 1 survivors (1024K)
 Metaspace       used 39357K, committed 39680K, reserved 1114112K
  class space    used 4447K, committed 4608K, reserved 1048576K
}
Event: 23.079 GC heap before
{Heap before GC invocations=29 (full 0):
 garbage-first heap   total 210944K, used 134734K [0x0000000081200000, 0x0000000100000000)
  region size 1024K, 41 young (41984K), 1 survivors (1024K)
 Metaspace       used 39379K, committed 39744K, reserved 1114112K
  class space    used 4447K, committed 4608K, reserved 1048576K
}
Event: 23.080 GC heap after
{Heap after GC invocations=30 (full 0):
 garbage-first heap   total 210944K, used 21080K [0x0000000081200000, 0x0000000100000000)
  region size 1024K, 1 young (1024K), 1 survivors (1024K)
 Metaspace       used 39379K, committed 39744K, reserved 1114112K
  class space    used 4447K, committed 4608K, reserved 1048576K
}

