# JRE version: Java(TM) SE Runtime Environment (19.0.1+10) (build 19.0.1+10-21)
# Java VM: Java HotSpot(TM) 64-Bit Server VM (19.0.1+10-21, mixed mode, sharing, tiered, compressed oops, compressed class ptrs, g1 gc, windows-amd64)
GC Precious Log:
 CardTable entry size: 512
 Card Set container configuration: InlinePtr #cards 5 size 8 Array Of Cards #cards 12 size 40 Howl #buckets 4 coarsen threshold 1843 Howl Bitmap #cards 512 size 80 coarsen threshold 460 Card regions per heap region 1 cards per card region 2048
 CPUs: 4 total, 4 available
 Memory: 8113M
 Large Page Support: Disabled
 NUMA Support: Disabled
 Compressed Oops: Enabled (32-bit)
 Heap Region Size: 1M
 Heap Min Capacity: 8M
 Heap Initial Capacity: 128M
 Heap Max Capacity: 2030M
 Pre-touch: Disabled
 Parallel Workers: 4
 Concurrent Workers: 1
 Concurrent Refinement Workers: 4
 Periodic GC: Disabled
Heap:
 garbage-first heap   total 253952K, used 149583K [0x0000000081200000, 0x0000000100000000)
  region size 1024K, 66 young (67584K), 1 survivors (1024K)
 Metaspace       used 45171K, committed 45504K, reserved 1114112K
  class space    used 4951K, committed 5120K, reserved 1048576K
GC Heap History (20 events):
Event: 270.725 GC heap before
{Heap before GC invocations=32 (full 0):
 garbage-first heap   total 253952K, used 150024K [0x0000000081200000, 0x0000000100000000)
  region size 1024K, 37 young (37888K), 2 survivors (2048K)
 Metaspace       used 43623K, committed 43968K, reserved 1114112K
  class space    used 4818K, committed 4992K, reserved 1048576K
}
Event: 270.726 GC heap after
{Heap after GC invocations=33 (full 0):
 garbage-first heap   total 253952K, used 86080K [0x0000000081200000, 0x0000000100000000)
  region size 1024K, 1 young (1024K), 1 survivors (1024K)
 Metaspace       used 43623K, committed 43968K, reserved 1114112K
  class space    used 4818K, committed 4992K, reserved 1048576K
}
Event: 272.804 GC heap before
{Heap before GC invocations=33 (full 0):
 garbage-first heap   total 253952K, used 133184K [0x0000000081200000, 0x0000000100000000)
  region size 1024K, 20 young (20480K), 1 survivors (1024K)
 Metaspace       used 43624K, committed 43968K, reserved 1114112K
  class space    used 4818K, committed 4992K, reserved 1048576K
}
Event: 272.806 GC heap after
{Heap after GC invocations=34 (full 0):
 garbage-first heap   total 253952K, used 61508K [0x0000000081200000, 0x0000000100000000)
  region size 1024K, 1 young (1024K), 1 survivors (1024K)
 Metaspace       used 43624K, committed 43968K, reserved 1114112K
  class space    used 4818K, committed 4992K, reserved 1048576K
}
Event: 276.816 GC heap before
{Heap before GC invocations=34 (full 0):
 garbage-first heap   total 253952K, used 148548K [0x0000000081200000, 0x0000000100000000)
  region size 1024K, 36 young (36864K), 1 survivors (1024K)
 Metaspace       used 43626K, committed 43968K, reserved 1114112K
  class space    used 4818K, committed 4992K, reserved 1048576K
}
Event: 276.818 GC heap after
{Heap after GC invocations=35 (full 0):
 garbage-first heap   total 253952K, used 86095K [0x0000000081200000, 0x0000000100000000)
  region size 1024K, 1 young (1024K), 1 survivors (1024K)
 Metaspace       used 43626K, committed 43968K, reserved 1114112K
  class space    used 4818K, committed 4992K, reserved 1048576K
}
Event: 278.975 GC heap before
{Heap before GC invocations=35 (full 0):
 garbage-first heap   total 253952K, used 133199K [0x0000000081200000, 0x0000000100000000)
  region size 1024K, 20 young (20480K), 1 survivors (1024K)
 Metaspace       used 43626K, committed 43968K, reserved 1114112K
  class space    used 4818K, committed 4992K, reserved 1048576K
}
Event: 278.977 GC heap after
{Heap after GC invocations=36 (full 0):
 garbage-first heap   total 253952K, used 61518K [0x0000000081200000, 0x0000000100000000)
  region size 1024K, 1 young (1024K), 1 survivors (1024K)
 Metaspace       used 43626K, committed 43968K, reserved 1114112K
  class space    used 4818K, committed 4992K, reserved 1048576K
}
Event: 282.955 GC heap before
{Heap before GC invocations=36 (full 0):
 garbage-first heap   total 253952K, used 148558K [0x0000000081200000, 0x0000000100000000)
  region size 1024K, 36 young (36864K), 1 survivors (1024K)
 Metaspace       used 43648K, committed 44032K, reserved 1114112K
  class space    used 4818K, committed 4992K, reserved 1048576K
}
Event: 282.956 GC heap after
{Heap after GC invocations=37 (full 0):
 garbage-first heap   total 253952K, used 86088K [0x0000000081200000, 0x0000000100000000)
  region size 1024K, 1 young (1024K), 1 survivors (1024K)
 Metaspace       used 43648K, committed 44032K, reserved 1114112K
  class space    used 4818K, committed 4992K, reserved 1048576K
}
Event: 285.139 GC heap before
{Heap before GC invocations=37 (full 0):
 garbage-first heap   total 253952K, used 133192K [0x0000000081200000, 0x0000000100000000)
  region size 1024K, 20 young (20480K), 1 survivors (1024K)
 Metaspace       used 43650K, committed 44032K, reserved 1114112K
  class space    used 4818K, committed 4992K, reserved 1048576K
}
Event: 285.140 GC heap after
{Heap after GC invocations=38 (full 0):
 garbage-first heap   total 253952K, used 61507K [0x0000000081200000, 0x0000000100000000)
  region size 1024K, 1 young (1024K), 1 survivors (1024K)
 Metaspace       used 43650K, committed 44032K, reserved 1114112K
  class space    used 4818K, committed 4992K, reserved 1048576K
}
Event: 289.075 GC heap before
{Heap before GC invocations=38 (full 0):
 garbage-first heap   total 253952K, used 148547K [0x0000000081200000, 0x0000000100000000)
  region size 1024K, 36 young (36864K), 1 survivors (1024K)
 Metaspace       used 43652K, committed 44032K, reserved 1114112K
  class space    used 4818K, committed 4992K, reserved 1048576K
}
Event: 289.078 GC heap after
{Heap after GC invocations=39 (full 0):
 garbage-first heap   total 253952K, used 86093K [0x0000000081200000, 0x0000000100000000)
  region size 1024K, 1 young (1024K), 1 survivors (1024K)
 Metaspace       used 43652K, committed 44032K, reserved 1114112K
  class space    used 4818K, committed 4992K, reserved 1048576K
}
Event: 291.325 GC heap before
{Heap before GC invocations=39 (full 0):
 garbage-first heap   total 253952K, used 133197K [0x0000000081200000, 0x0000000100000000)
  region size 1024K, 20 young (20480K), 1 survivors (1024K)
 Metaspace       used 43652K, committed 44032K, reserved 1114112K
  class space    used 4818K, committed 4992K, reserved 1048576K
}
Event: 291.326 GC heap after
{Heap after GC invocations=40 (full 0):
 garbage-first heap   total 253952K, used 61521K [0x0000000081200000, 0x0000000100000000)
  region size 1024K, 1 young (1024K), 1 survivors (1024K)
 Metaspace       used 43652K, committed 44032K, reserved 1114112K
  class space    used 4818K, committed 4992K, reserved 1048576K
}
Event: 295.278 GC heap before
{Heap before GC invocations=40 (full 0):
 garbage-first heap   total 253952K, used 148561K [0x0000000081200000, 0x0000000100000000)
  region size 1024K, 36 young (36864K), 1 survivors (1024K)
 Metaspace       used 43652K, committed 44032K, reserved 1114112K
  class space    used 4818K, committed 4992K, reserved 1048576K
}
Event: 295.280 GC heap after
{Heap after GC invocations=41 (full 0):
 garbage-first heap   total 253952K, used 86255K [0x0000000081200000, 0x0000000100000000)
  region size 1024K, 1 young (1024K), 1 survivors (1024K)
 Metaspace       used 43652K, committed 44032K, reserved 1114112K
  class space    used 4818K, committed 4992K, reserved 1048576K
}
Event: 297.527 GC heap before
{Heap before GC invocations=41 (full 0):
 garbage-first heap   total 253952K, used 134383K [0x0000000081200000, 0x0000000100000000)
  region size 1024K, 21 young (21504K), 1 survivors (1024K)
 Metaspace       used 43652K, committed 44032K, reserved 1114112K
  class space    used 4818K, committed 4992K, reserved 1048576K
}
Event: 297.530 GC heap after
{Heap after GC invocations=42 (full 0):
 garbage-first heap   total 253952K, used 61519K [0x0000000081200000, 0x0000000100000000)
  region size 1024K, 1 young (1024K), 1 survivors (1024K)
 Metaspace       used 43652K, committed 44032K, reserved 1114112K
  class space    used 4818K, committed 4992K, reserved 1048576K
}

